<?xml version="1.0" encoding="UTF-8"?>
<testsuite name="com.mcxiv.logger.formatted.Logger_LevelDependencyAdderTest" tests="2" skipped="0" failures="0" errors="0" timestamp="2021-01-29T10:26:51" hostname="ANIRUDHHP" time="0.027">
  <properties/>
  <testcase name="Test" classname="com.mcxiv.logger.formatted.Logger_LevelDependencyAdderTest" time="0.024"/>
  <testcase name="test_NICEFormatting" classname="com.mcxiv.logger.formatted.Logger_LevelDependencyAdderTest" time="0.002"/>
  <system-out><![CDATA[ ?[38;2;36;235;35mVital ?[0m ?[38;2;145;245;145mHello ?[0m ?[38;2;18;117;17mWorld ?[0m ?[38;2;36;235;35mError ?[0m ?[38;2;145;245;145mHello ?[0m ?[38;2;18;117;17mWorld ?[0m ?[38;2;36;235;35mWarn ?[0m ?[38;2;145;245;145mHello ?[0m ?[38;2;18;117;17mWorld ?[0m ?[38;2;36;235;35mNotice ?[0m ?[38;2;145;245;145mHello ?[0m ?[38;2;18;117;17mWorld ?[0m ?[38;2;36;235;35mDebug ?[0m ?[38;2;145;245;145mHello ?[0m ?[38;2;18;117;17mWorld ?[0m ?[38;2;36;235;35mGeneral ?[0m ?[38;2;145;245;145mHello ?[0m ?[38;2;18;117;17mWorld ?[0m ?[38;2;51;136;136m
 ?[0m ?[38;2;36;235;35mVital ?[0m ?[38;2;145;245;145mHello ?[0m ?[38;2;18;117;17mWorld ?[0m ?[38;2;36;235;35mError ?[0m ?[38;2;145;245;145mHello ?[0m ?[38;2;18;117;17mWorld ?[0m ?[38;2;36;235;35mWarn ?[0m ?[38;2;145;245;145mHello ?[0m ?[38;2;18;117;17mWorld ?[0m ?[38;2;51;136;136m
 ?[0m ?[38;2;36;235;35mVital ?[0m ?[38;2;145;245;145mHello ?[0m ?[38;2;18;117;17mWorld ?[0m ?[38;2;36;235;35mError ?[0m ?[38;2;145;245;145mHello ?[0m ?[38;2;18;117;17mWorld ?[0m ?[38;2;36;235;35mWarn ?[0m ?[38;2;145;245;145mHello ?[0m ?[38;2;18;117;17mWorld ?[0m ?[38;2;36;235;35mNotice ?[0m ?[38;2;145;245;145mHello ?[0m ?[38;2;18;117;17mWorld ?[0m ?[38;2;51;136;136m
 ?[0m ?[38;2;51;136;136m2 ?[0m ?[38;2;155;131;128mSenseless Art ?[0m[Impl] ?[38;2;17;204;68mValuable Shit ?[0m ?[38;2;155;131;128mThe main theory behind Senseless Art is the ?[0mability to use simple sentences to create afeeling of improtance and value describingthings which can't even be compared to shit.If one has such wonderful creativity and asense of how to use such to your advantage,consider, the person a master of this uniquelyspecial art form.]]></system-out>
  <system-err><![CDATA[]]></system-err>
</testsuite>
