<?xml version="1.0" encoding="UTF-8"?>
<testsuite name="com.mcxiv.logger.util.CTest" tests="8" skipped="0" failures="0" errors="0" timestamp="2021-01-29T10:26:51" hostname="ANIRUDHHP" time="0.021">
  <properties/>
  <testcase name="justPrintTheShit" classname="com.mcxiv.logger.util.CTest" time="0.003"/>
  <testcase name="moreColours" classname="com.mcxiv.logger.util.CTest" time="0.003"/>
  <testcase name="Um" classname="com.mcxiv.logger.util.CTest" time="0.0"/>
  <testcase name="ExtraterriostrialCodeTest" classname="com.mcxiv.logger.util.CTest" time="0.012"/>
  <testcase name="colourTranslation" classname="com.mcxiv.logger.util.CTest" time="0.0"/>
  <testcase name="checkingOutCMF" classname="com.mcxiv.logger.util.CTest" time="0.0"/>
  <testcase name="lengthTest" classname="com.mcxiv.logger.util.CTest" time="0.0"/>
  <testcase name="newHexConvTest" classname="com.mcxiv.logger.util.CTest" time="0.003"/>
  <system-out><![CDATA[Normal	Bold	Underlined	Reversed
Simple
?[30mHello?[0m	?[1m?[30mHello?[0m	?[4m?[30mHello?[0m	?[7m?[30mHello?[0m
?[37mHello?[0m	?[1m?[37mHello?[0m	?[4m?[37mHello?[0m	?[7m?[37mHello?[0m
?[31mHello?[0m	?[1m?[31mHello?[0m	?[4m?[31mHello?[0m	?[7m?[31mHello?[0m
?[32mHello?[0m	?[1m?[32mHello?[0m	?[4m?[32mHello?[0m	?[7m?[32mHello?[0m
?[34mHello?[0m	?[1m?[34mHello?[0m	?[4m?[34mHello?[0m	?[7m?[34mHello?[0m
?[33mHello?[0m	?[1m?[33mHello?[0m	?[4m?[33mHello?[0m	?[7m?[33mHello?[0m
?[35mHello?[0m	?[1m?[35mHello?[0m	?[4m?[35mHello?[0m	?[7m?[35mHello?[0m
?[36mHello?[0m	?[1m?[36mHello?[0m	?[4m?[36mHello?[0m	?[7m?[36mHello?[0m
Bright
?[30;1mHello?[0m	?[1m?[30;1mHello?[0m	?[4m?[30;1mHello?[0m	?[7m?[30;1mHello?[0m
?[37;1mHello?[0m	?[1m?[37;1mHello?[0m	?[4m?[37;1mHello?[0m	?[7m?[37;1mHello?[0m
?[31;1mHello?[0m	?[1m?[31;1mHello?[0m	?[4m?[31;1mHello?[0m	?[7m?[31;1mHello?[0m
?[32;1mHello?[0m	?[1m?[32;1mHello?[0m	?[4m?[32;1mHello?[0m	?[7m?[32;1mHello?[0m
?[34;1mHello?[0m	?[1m?[34;1mHello?[0m	?[4m?[34;1mHello?[0m	?[7m?[34;1mHello?[0m
?[33;1mHello?[0m	?[1m?[33;1mHello?[0m	?[4m?[33;1mHello?[0m	?[7m?[33;1mHello?[0m
?[35;1mHello?[0m	?[1m?[35;1mHello?[0m	?[4m?[35;1mHello?[0m	?[7m?[35;1mHello?[0m
?[36;1mHello?[0m	?[1m?[36;1mHello?[0m	?[4m?[36;1mHello?[0m	?[7m?[36;1mHello?[0m
Simple Background
?[40mHello?[0m	?[1m?[40mHello?[0m	?[4m?[40mHello?[0m	?[7m?[40mHello?[0m
?[47mHello?[0m	?[1m?[47mHello?[0m	?[4m?[47mHello?[0m	?[7m?[47mHello?[0m
?[41mHello?[0m	?[1m?[41mHello?[0m	?[4m?[41mHello?[0m	?[7m?[41mHello?[0m
?[42mHello?[0m	?[1m?[42mHello?[0m	?[4m?[42mHello?[0m	?[7m?[42mHello?[0m
?[44mHello?[0m	?[1m?[44mHello?[0m	?[4m?[44mHello?[0m	?[7m?[44mHello?[0m
?[43mHello?[0m	?[1m?[43mHello?[0m	?[4m?[43mHello?[0m	?[7m?[43mHello?[0m
?[45mHello?[0m	?[1m?[45mHello?[0m	?[4m?[45mHello?[0m	?[7m?[45mHello?[0m
?[46mHello?[0m	?[1m?[46mHello?[0m	?[4m?[46mHello?[0m	?[7m?[46mHello?[0m
Bright Background
?[40;1mHello?[0m	?[1m?[40;1mHello?[0m	?[4m?[40;1mHello?[0m	?[7m?[40;1mHello?[0m
?[47;1mHello?[0m	?[1m?[47;1mHello?[0m	?[4m?[47;1mHello?[0m	?[7m?[47;1mHello?[0m
?[41;1mHello?[0m	?[1m?[41;1mHello?[0m	?[4m?[41;1mHello?[0m	?[7m?[41;1mHello?[0m
?[42;1mHello?[0m	?[1m?[42;1mHello?[0m	?[4m?[42;1mHello?[0m	?[7m?[42;1mHello?[0m
?[44;1mHello?[0m	?[1m?[44;1mHello?[0m	?[4m?[44;1mHello?[0m	?[7m?[44;1mHello?[0m
?[43;1mHello?[0m	?[1m?[43;1mHello?[0m	?[4m?[43;1mHello?[0m	?[7m?[43;1mHello?[0m
?[45;1mHello?[0m	?[1m?[45;1mHello?[0m	?[4m?[45;1mHello?[0m	?[7m?[45;1mHello?[0m
?[46;1mHello?[0m	?[1m?[46;1mHello?[0m	?[4m?[46;1mHello?[0m	?[7m?[46;1mHello?[0m
?[38;5;0mâ–‰?[0m?[38;5;1mâ–‰?[0m?[38;5;2mâ–‰?[0m?[38;5;3mâ–‰?[0m?[38;5;4mâ–‰?[0m?[38;5;5mâ–‰?[0m?[38;5;6mâ–‰?[0m?[38;5;7mâ–‰?[0m?[38;5;8mâ–‰?[0m?[38;5;9mâ–‰?[0m?[38;5;10mâ–‰?[0m?[38;5;11mâ–‰?[0m?[38;5;12mâ–‰?[0m?[38;5;13mâ–‰?[0m?[38;5;14mâ–‰?[0m?[38;5;15mâ–‰?[0m
?[38;5;0m 0 =	â–‰â–‰?[0m
?[38;5;1m 1 =	â–‰â–‰?[0m
?[38;5;2m 2 =	â–‰â–‰?[0m
?[38;5;3m 3 =	â–‰â–‰?[0m
?[38;5;4m 4 =	â–‰â–‰?[0m
?[38;5;5m 5 =	â–‰â–‰?[0m
?[38;5;6m 6 =	â–‰â–‰?[0m
?[38;5;7m 7 =	â–‰â–‰?[0m
?[38;5;8m 8 =	â–‰â–‰?[0m
?[38;5;9m 9 =	â–‰â–‰?[0m
?[38;5;10m 10 =	â–‰â–‰?[0m
?[38;5;11m 11 =	â–‰â–‰?[0m
?[38;5;12m 12 =	â–‰â–‰?[0m
?[38;5;13m 13 =	â–‰â–‰?[0m
?[38;5;14m 14 =	â–‰â–‰?[0m
?[38;5;15m 15 =	â–‰â–‰?[0m
?[38;5;16mâ–‰?[0m?[38;5;17mâ–‰?[0m?[38;5;18mâ–‰?[0m?[38;5;19mâ–‰?[0m?[38;5;20mâ–‰?[0m?[38;5;21mâ–‰?[0m		?[38;5;16m 16 = â–‰  ?[0m?[38;5;17m 17 = â–‰  ?[0m?[38;5;18m 18 = â–‰  ?[0m?[38;5;19m 19 = â–‰  ?[0m?[38;5;20m 20 = â–‰  ?[0m?[38;5;21m 21 = â–‰  ?[0m
?[38;5;22mâ–‰?[0m?[38;5;23mâ–‰?[0m?[38;5;24mâ–‰?[0m?[38;5;25mâ–‰?[0m?[38;5;26mâ–‰?[0m?[38;5;27mâ–‰?[0m		?[38;5;22m 22 = â–‰  ?[0m?[38;5;23m 23 = â–‰  ?[0m?[38;5;24m 24 = â–‰  ?[0m?[38;5;25m 25 = â–‰  ?[0m?[38;5;26m 26 = â–‰  ?[0m?[38;5;27m 27 = â–‰  ?[0m
?[38;5;28mâ–‰?[0m?[38;5;29mâ–‰?[0m?[38;5;30mâ–‰?[0m?[38;5;31mâ–‰?[0m?[38;5;32mâ–‰?[0m?[38;5;33mâ–‰?[0m		?[38;5;28m 28 = â–‰  ?[0m?[38;5;29m 29 = â–‰  ?[0m?[38;5;30m 30 = â–‰  ?[0m?[38;5;31m 31 = â–‰  ?[0m?[38;5;32m 32 = â–‰  ?[0m?[38;5;33m 33 = â–‰  ?[0m
?[38;5;34mâ–‰?[0m?[38;5;35mâ–‰?[0m?[38;5;36mâ–‰?[0m?[38;5;37mâ–‰?[0m?[38;5;38mâ–‰?[0m?[38;5;39mâ–‰?[0m		?[38;5;34m 34 = â–‰  ?[0m?[38;5;35m 35 = â–‰  ?[0m?[38;5;36m 36 = â–‰  ?[0m?[38;5;37m 37 = â–‰  ?[0m?[38;5;38m 38 = â–‰  ?[0m?[38;5;39m 39 = â–‰  ?[0m
?[38;5;40mâ–‰?[0m?[38;5;41mâ–‰?[0m?[38;5;42mâ–‰?[0m?[38;5;43mâ–‰?[0m?[38;5;44mâ–‰?[0m?[38;5;45mâ–‰?[0m		?[38;5;40m 40 = â–‰  ?[0m?[38;5;41m 41 = â–‰  ?[0m?[38;5;42m 42 = â–‰  ?[0m?[38;5;43m 43 = â–‰  ?[0m?[38;5;44m 44 = â–‰  ?[0m?[38;5;45m 45 = â–‰  ?[0m
?[38;5;46mâ–‰?[0m?[38;5;47mâ–‰?[0m?[38;5;48mâ–‰?[0m?[38;5;49mâ–‰?[0m?[38;5;50mâ–‰?[0m?[38;5;51mâ–‰?[0m		?[38;5;46m 46 = â–‰  ?[0m?[38;5;47m 47 = â–‰  ?[0m?[38;5;48m 48 = â–‰  ?[0m?[38;5;49m 49 = â–‰  ?[0m?[38;5;50m 50 = â–‰  ?[0m?[38;5;51m 51 = â–‰  ?[0m
?[38;5;52mâ–‰?[0m?[38;5;53mâ–‰?[0m?[38;5;54mâ–‰?[0m?[38;5;55mâ–‰?[0m?[38;5;56mâ–‰?[0m?[38;5;57mâ–‰?[0m		?[38;5;52m 52 = â–‰  ?[0m?[38;5;53m 53 = â–‰  ?[0m?[38;5;54m 54 = â–‰  ?[0m?[38;5;55m 55 = â–‰  ?[0m?[38;5;56m 56 = â–‰  ?[0m?[38;5;57m 57 = â–‰  ?[0m
?[38;5;58mâ–‰?[0m?[38;5;59mâ–‰?[0m?[38;5;60mâ–‰?[0m?[38;5;61mâ–‰?[0m?[38;5;62mâ–‰?[0m?[38;5;63mâ–‰?[0m		?[38;5;58m 58 = â–‰  ?[0m?[38;5;59m 59 = â–‰  ?[0m?[38;5;60m 60 = â–‰  ?[0m?[38;5;61m 61 = â–‰  ?[0m?[38;5;62m 62 = â–‰  ?[0m?[38;5;63m 63 = â–‰  ?[0m
?[38;5;64mâ–‰?[0m?[38;5;65mâ–‰?[0m?[38;5;66mâ–‰?[0m?[38;5;67mâ–‰?[0m?[38;5;68mâ–‰?[0m?[38;5;69mâ–‰?[0m		?[38;5;64m 64 = â–‰  ?[0m?[38;5;65m 65 = â–‰  ?[0m?[38;5;66m 66 = â–‰  ?[0m?[38;5;67m 67 = â–‰  ?[0m?[38;5;68m 68 = â–‰  ?[0m?[38;5;69m 69 = â–‰  ?[0m
?[38;5;70mâ–‰?[0m?[38;5;71mâ–‰?[0m?[38;5;72mâ–‰?[0m?[38;5;73mâ–‰?[0m?[38;5;74mâ–‰?[0m?[38;5;75mâ–‰?[0m		?[38;5;70m 70 = â–‰  ?[0m?[38;5;71m 71 = â–‰  ?[0m?[38;5;72m 72 = â–‰  ?[0m?[38;5;73m 73 = â–‰  ?[0m?[38;5;74m 74 = â–‰  ?[0m?[38;5;75m 75 = â–‰  ?[0m
?[38;5;76mâ–‰?[0m?[38;5;77mâ–‰?[0m?[38;5;78mâ–‰?[0m?[38;5;79mâ–‰?[0m?[38;5;80mâ–‰?[0m?[38;5;81mâ–‰?[0m		?[38;5;76m 76 = â–‰  ?[0m?[38;5;77m 77 = â–‰  ?[0m?[38;5;78m 78 = â–‰  ?[0m?[38;5;79m 79 = â–‰  ?[0m?[38;5;80m 80 = â–‰  ?[0m?[38;5;81m 81 = â–‰  ?[0m
?[38;5;82mâ–‰?[0m?[38;5;83mâ–‰?[0m?[38;5;84mâ–‰?[0m?[38;5;85mâ–‰?[0m?[38;5;86mâ–‰?[0m?[38;5;87mâ–‰?[0m		?[38;5;82m 82 = â–‰  ?[0m?[38;5;83m 83 = â–‰  ?[0m?[38;5;84m 84 = â–‰  ?[0m?[38;5;85m 85 = â–‰  ?[0m?[38;5;86m 86 = â–‰  ?[0m?[38;5;87m 87 = â–‰  ?[0m
?[38;5;88mâ–‰?[0m?[38;5;89mâ–‰?[0m?[38;5;90mâ–‰?[0m?[38;5;91mâ–‰?[0m?[38;5;92mâ–‰?[0m?[38;5;93mâ–‰?[0m		?[38;5;88m 88 = â–‰  ?[0m?[38;5;89m 89 = â–‰  ?[0m?[38;5;90m 90 = â–‰  ?[0m?[38;5;91m 91 = â–‰  ?[0m?[38;5;92m 92 = â–‰  ?[0m?[38;5;93m 93 = â–‰  ?[0m
?[38;5;94mâ–‰?[0m?[38;5;95mâ–‰?[0m?[38;5;96mâ–‰?[0m?[38;5;97mâ–‰?[0m?[38;5;98mâ–‰?[0m?[38;5;99mâ–‰?[0m		?[38;5;94m 94 = â–‰  ?[0m?[38;5;95m 95 = â–‰  ?[0m?[38;5;96m 96 = â–‰  ?[0m?[38;5;97m 97 = â–‰  ?[0m?[38;5;98m 98 = â–‰  ?[0m?[38;5;99m 99 = â–‰  ?[0m
?[38;5;100mâ–‰?[0m?[38;5;101mâ–‰?[0m?[38;5;102mâ–‰?[0m?[38;5;103mâ–‰?[0m?[38;5;104mâ–‰?[0m?[38;5;105mâ–‰?[0m		?[38;5;100m 100 = â–‰  ?[0m?[38;5;101m 101 = â–‰  ?[0m?[38;5;102m 102 = â–‰  ?[0m?[38;5;103m 103 = â–‰  ?[0m?[38;5;104m 104 = â–‰  ?[0m?[38;5;105m 105 = â–‰  ?[0m
?[38;5;106mâ–‰?[0m?[38;5;107mâ–‰?[0m?[38;5;108mâ–‰?[0m?[38;5;109mâ–‰?[0m?[38;5;110mâ–‰?[0m?[38;5;111mâ–‰?[0m		?[38;5;106m 106 = â–‰  ?[0m?[38;5;107m 107 = â–‰  ?[0m?[38;5;108m 108 = â–‰  ?[0m?[38;5;109m 109 = â–‰  ?[0m?[38;5;110m 110 = â–‰  ?[0m?[38;5;111m 111 = â–‰  ?[0m
?[38;5;112mâ–‰?[0m?[38;5;113mâ–‰?[0m?[38;5;114mâ–‰?[0m?[38;5;115mâ–‰?[0m?[38;5;116mâ–‰?[0m?[38;5;117mâ–‰?[0m		?[38;5;112m 112 = â–‰  ?[0m?[38;5;113m 113 = â–‰  ?[0m?[38;5;114m 114 = â–‰  ?[0m?[38;5;115m 115 = â–‰  ?[0m?[38;5;116m 116 = â–‰  ?[0m?[38;5;117m 117 = â–‰  ?[0m
?[38;5;118mâ–‰?[0m?[38;5;119mâ–‰?[0m?[38;5;120mâ–‰?[0m?[38;5;121mâ–‰?[0m?[38;5;122mâ–‰?[0m?[38;5;123mâ–‰?[0m		?[38;5;118m 118 = â–‰  ?[0m?[38;5;119m 119 = â–‰  ?[0m?[38;5;120m 120 = â–‰  ?[0m?[38;5;121m 121 = â–‰  ?[0m?[38;5;122m 122 = â–‰  ?[0m?[38;5;123m 123 = â–‰  ?[0m
?[38;5;124mâ–‰?[0m?[38;5;125mâ–‰?[0m?[38;5;126mâ–‰?[0m?[38;5;127mâ–‰?[0m?[38;5;128mâ–‰?[0m?[38;5;129mâ–‰?[0m		?[38;5;124m 124 = â–‰  ?[0m?[38;5;125m 125 = â–‰  ?[0m?[38;5;126m 126 = â–‰  ?[0m?[38;5;127m 127 = â–‰  ?[0m?[38;5;128m 128 = â–‰  ?[0m?[38;5;129m 129 = â–‰  ?[0m
?[38;5;130mâ–‰?[0m?[38;5;131mâ–‰?[0m?[38;5;132mâ–‰?[0m?[38;5;133mâ–‰?[0m?[38;5;134mâ–‰?[0m?[38;5;135mâ–‰?[0m		?[38;5;130m 130 = â–‰  ?[0m?[38;5;131m 131 = â–‰  ?[0m?[38;5;132m 132 = â–‰  ?[0m?[38;5;133m 133 = â–‰  ?[0m?[38;5;134m 134 = â–‰  ?[0m?[38;5;135m 135 = â–‰  ?[0m
?[38;5;136mâ–‰?[0m?[38;5;137mâ–‰?[0m?[38;5;138mâ–‰?[0m?[38;5;139mâ–‰?[0m?[38;5;140mâ–‰?[0m?[38;5;141mâ–‰?[0m		?[38;5;136m 136 = â–‰  ?[0m?[38;5;137m 137 = â–‰  ?[0m?[38;5;138m 138 = â–‰  ?[0m?[38;5;139m 139 = â–‰  ?[0m?[38;5;140m 140 = â–‰  ?[0m?[38;5;141m 141 = â–‰  ?[0m
?[38;5;142mâ–‰?[0m?[38;5;143mâ–‰?[0m?[38;5;144mâ–‰?[0m?[38;5;145mâ–‰?[0m?[38;5;146mâ–‰?[0m?[38;5;147mâ–‰?[0m		?[38;5;142m 142 = â–‰  ?[0m?[38;5;143m 143 = â–‰  ?[0m?[38;5;144m 144 = â–‰  ?[0m?[38;5;145m 145 = â–‰  ?[0m?[38;5;146m 146 = â–‰  ?[0m?[38;5;147m 147 = â–‰  ?[0m
?[38;5;148mâ–‰?[0m?[38;5;149mâ–‰?[0m?[38;5;150mâ–‰?[0m?[38;5;151mâ–‰?[0m?[38;5;152mâ–‰?[0m?[38;5;153mâ–‰?[0m		?[38;5;148m 148 = â–‰  ?[0m?[38;5;149m 149 = â–‰  ?[0m?[38;5;150m 150 = â–‰  ?[0m?[38;5;151m 151 = â–‰  ?[0m?[38;5;152m 152 = â–‰  ?[0m?[38;5;153m 153 = â–‰  ?[0m
?[38;5;154mâ–‰?[0m?[38;5;155mâ–‰?[0m?[38;5;156mâ–‰?[0m?[38;5;157mâ–‰?[0m?[38;5;158mâ–‰?[0m?[38;5;159mâ–‰?[0m		?[38;5;154m 154 = â–‰  ?[0m?[38;5;155m 155 = â–‰  ?[0m?[38;5;156m 156 = â–‰  ?[0m?[38;5;157m 157 = â–‰  ?[0m?[38;5;158m 158 = â–‰  ?[0m?[38;5;159m 159 = â–‰  ?[0m
?[38;5;160mâ–‰?[0m?[38;5;161mâ–‰?[0m?[38;5;162mâ–‰?[0m?[38;5;163mâ–‰?[0m?[38;5;164mâ–‰?[0m?[38;5;165mâ–‰?[0m		?[38;5;160m 160 = â–‰  ?[0m?[38;5;161m 161 = â–‰  ?[0m?[38;5;162m 162 = â–‰  ?[0m?[38;5;163m 163 = â–‰  ?[0m?[38;5;164m 164 = â–‰  ?[0m?[38;5;165m 165 = â–‰  ?[0m
?[38;5;166mâ–‰?[0m?[38;5;167mâ–‰?[0m?[38;5;168mâ–‰?[0m?[38;5;169mâ–‰?[0m?[38;5;170mâ–‰?[0m?[38;5;171mâ–‰?[0m		?[38;5;166m 166 = â–‰  ?[0m?[38;5;167m 167 = â–‰  ?[0m?[38;5;168m 168 = â–‰  ?[0m?[38;5;169m 169 = â–‰  ?[0m?[38;5;170m 170 = â–‰  ?[0m?[38;5;171m 171 = â–‰  ?[0m
?[38;5;172mâ–‰?[0m?[38;5;173mâ–‰?[0m?[38;5;174mâ–‰?[0m?[38;5;175mâ–‰?[0m?[38;5;176mâ–‰?[0m?[38;5;177mâ–‰?[0m		?[38;5;172m 172 = â–‰  ?[0m?[38;5;173m 173 = â–‰  ?[0m?[38;5;174m 174 = â–‰  ?[0m?[38;5;175m 175 = â–‰  ?[0m?[38;5;176m 176 = â–‰  ?[0m?[38;5;177m 177 = â–‰  ?[0m
?[38;5;178mâ–‰?[0m?[38;5;179mâ–‰?[0m?[38;5;180mâ–‰?[0m?[38;5;181mâ–‰?[0m?[38;5;182mâ–‰?[0m?[38;5;183mâ–‰?[0m		?[38;5;178m 178 = â–‰  ?[0m?[38;5;179m 179 = â–‰  ?[0m?[38;5;180m 180 = â–‰  ?[0m?[38;5;181m 181 = â–‰  ?[0m?[38;5;182m 182 = â–‰  ?[0m?[38;5;183m 183 = â–‰  ?[0m
?[38;5;184mâ–‰?[0m?[38;5;185mâ–‰?[0m?[38;5;186mâ–‰?[0m?[38;5;187mâ–‰?[0m?[38;5;188mâ–‰?[0m?[38;5;189mâ–‰?[0m		?[38;5;184m 184 = â–‰  ?[0m?[38;5;185m 185 = â–‰  ?[0m?[38;5;186m 186 = â–‰  ?[0m?[38;5;187m 187 = â–‰  ?[0m?[38;5;188m 188 = â–‰  ?[0m?[38;5;189m 189 = â–‰  ?[0m
?[38;5;190mâ–‰?[0m?[38;5;191mâ–‰?[0m?[38;5;192mâ–‰?[0m?[38;5;193mâ–‰?[0m?[38;5;194mâ–‰?[0m?[38;5;195mâ–‰?[0m		?[38;5;190m 190 = â–‰  ?[0m?[38;5;191m 191 = â–‰  ?[0m?[38;5;192m 192 = â–‰  ?[0m?[38;5;193m 193 = â–‰  ?[0m?[38;5;194m 194 = â–‰  ?[0m?[38;5;195m 195 = â–‰  ?[0m
?[38;5;196mâ–‰?[0m?[38;5;197mâ–‰?[0m?[38;5;198mâ–‰?[0m?[38;5;199mâ–‰?[0m?[38;5;200mâ–‰?[0m?[38;5;201mâ–‰?[0m		?[38;5;196m 196 = â–‰  ?[0m?[38;5;197m 197 = â–‰  ?[0m?[38;5;198m 198 = â–‰  ?[0m?[38;5;199m 199 = â–‰  ?[0m?[38;5;200m 200 = â–‰  ?[0m?[38;5;201m 201 = â–‰  ?[0m
?[38;5;202mâ–‰?[0m?[38;5;203mâ–‰?[0m?[38;5;204mâ–‰?[0m?[38;5;205mâ–‰?[0m?[38;5;206mâ–‰?[0m?[38;5;207mâ–‰?[0m		?[38;5;202m 202 = â–‰  ?[0m?[38;5;203m 203 = â–‰  ?[0m?[38;5;204m 204 = â–‰  ?[0m?[38;5;205m 205 = â–‰  ?[0m?[38;5;206m 206 = â–‰  ?[0m?[38;5;207m 207 = â–‰  ?[0m
?[38;5;208mâ–‰?[0m?[38;5;209mâ–‰?[0m?[38;5;210mâ–‰?[0m?[38;5;211mâ–‰?[0m?[38;5;212mâ–‰?[0m?[38;5;213mâ–‰?[0m		?[38;5;208m 208 = â–‰  ?[0m?[38;5;209m 209 = â–‰  ?[0m?[38;5;210m 210 = â–‰  ?[0m?[38;5;211m 211 = â–‰  ?[0m?[38;5;212m 212 = â–‰  ?[0m?[38;5;213m 213 = â–‰  ?[0m
?[38;5;214mâ–‰?[0m?[38;5;215mâ–‰?[0m?[38;5;216mâ–‰?[0m?[38;5;217mâ–‰?[0m?[38;5;218mâ–‰?[0m?[38;5;219mâ–‰?[0m		?[38;5;214m 214 = â–‰  ?[0m?[38;5;215m 215 = â–‰  ?[0m?[38;5;216m 216 = â–‰  ?[0m?[38;5;217m 217 = â–‰  ?[0m?[38;5;218m 218 = â–‰  ?[0m?[38;5;219m 219 = â–‰  ?[0m
?[38;5;220mâ–‰?[0m?[38;5;221mâ–‰?[0m?[38;5;222mâ–‰?[0m?[38;5;223mâ–‰?[0m?[38;5;224mâ–‰?[0m?[38;5;225mâ–‰?[0m		?[38;5;220m 220 = â–‰  ?[0m?[38;5;221m 221 = â–‰  ?[0m?[38;5;222m 222 = â–‰  ?[0m?[38;5;223m 223 = â–‰  ?[0m?[38;5;224m 224 = â–‰  ?[0m?[38;5;225m 225 = â–‰  ?[0m
?[38;5;226mâ–‰?[0m?[38;5;227mâ–‰?[0m?[38;5;228mâ–‰?[0m?[38;5;229mâ–‰?[0m?[38;5;230mâ–‰?[0m?[38;5;231mâ–‰?[0m		?[38;5;226m 226 = â–‰  ?[0m?[38;5;227m 227 = â–‰  ?[0m?[38;5;228m 228 = â–‰  ?[0m?[38;5;229m 229 = â–‰  ?[0m?[38;5;230m 230 = â–‰  ?[0m?[38;5;231m 231 = â–‰  ?[0m
?[38;5;232mâ–‰?[0m?[38;5;233mâ–‰?[0m?[38;5;234mâ–‰?[0m?[38;5;235mâ–‰?[0m?[38;5;236mâ–‰?[0m?[38;5;237mâ–‰?[0m		?[38;5;232m 232 = â–‰  ?[0m?[38;5;233m 233 = â–‰  ?[0m?[38;5;234m 234 = â–‰  ?[0m?[38;5;235m 235 = â–‰  ?[0m?[38;5;236m 236 = â–‰  ?[0m?[38;5;237m 237 = â–‰  ?[0m
?[38;5;238mâ–‰?[0m?[38;5;239mâ–‰?[0m?[38;5;240mâ–‰?[0m?[38;5;241mâ–‰?[0m?[38;5;242mâ–‰?[0m?[38;5;243mâ–‰?[0m		?[38;5;238m 238 = â–‰  ?[0m?[38;5;239m 239 = â–‰  ?[0m?[38;5;240m 240 = â–‰  ?[0m?[38;5;241m 241 = â–‰  ?[0m?[38;5;242m 242 = â–‰  ?[0m?[38;5;243m 243 = â–‰  ?[0m
?[38;5;244mâ–‰?[0m?[38;5;245mâ–‰?[0m?[38;5;246mâ–‰?[0m?[38;5;247mâ–‰?[0m?[38;5;248mâ–‰?[0m?[38;5;249mâ–‰?[0m		?[38;5;244m 244 = â–‰  ?[0m?[38;5;245m 245 = â–‰  ?[0m?[38;5;246m 246 = â–‰  ?[0m?[38;5;247m 247 = â–‰  ?[0m?[38;5;248m 248 = â–‰  ?[0m?[38;5;249m 249 = â–‰  ?[0m
?[38;5;250mâ–‰?[0m?[38;5;251mâ–‰?[0m?[38;5;252mâ–‰?[0m?[38;5;253mâ–‰?[0m?[38;5;254mâ–‰?[0m?[38;5;255mâ–‰?[0m		?[38;5;250m 250 = â–‰  ?[0m?[38;5;251m 251 = â–‰  ?[0m?[38;5;252m 252 = â–‰  ?[0m?[38;5;253m 253 = â–‰  ?[0m?[38;5;254m 254 = â–‰  ?[0m?[38;5;255m 255 = â–‰  ?[0m
Hello
?[1AWorld
 ?[51m  Hello  ?[0m
  ?[51m   World 
  0 
 ?[52m  Hello  ?[0m
  ?[52m   World
  0 ?[0m Hello ?[0m
  1 ?[1m Hello ?[0m
  2 ?[2m Hello ?[0m
  3 ?[3m Hello ?[0m
  4 ?[4m Hello ?[0m
  5 ?[5m Hello ?[0m
  6 ?[6m Hello ?[0m
  7 ?[7m Hello ?[0m
  8 ?[8m Hello ?[0m
  9 ?[9m Hello ?[0m
 10 ?[10m Hello ?[0m
 11 ?[11m Hello ?[0m
 12 ?[12m Hello ?[0m
 13 ?[13m Hello ?[0m
 14 ?[14m Hello ?[0m
 15 ?[15m Hello ?[0m
 16 ?[16m Hello ?[0m
 17 ?[17m Hello ?[0m
 18 ?[18m Hello ?[0m
 19 ?[19m Hello ?[0m
 20 ?[20m Hello ?[0m
 21 ?[21m Hello ?[0m
 22 ?[22m Hello ?[0m
 23 ?[23m Hello ?[0m
 24 ?[24m Hello ?[0m
 25 ?[25m Hello ?[0m
 26 ?[26m Hello ?[0m
 27 ?[27m Hello ?[0m
 28 ?[28m Hello ?[0m
 29 ?[29m Hello ?[0m
 30 ?[30m Hello ?[0m
 31 ?[31m Hello ?[0m
 32 ?[32m Hello ?[0m
 33 ?[33m Hello ?[0m
 34 ?[34m Hello ?[0m
 35 ?[35m Hello ?[0m
 36 ?[36m Hello ?[0m
 37 ?[37m Hello ?[0m
 38 ?[38m Hello ?[0m
 39 ?[39m Hello ?[0m
 40 ?[40m Hello ?[0m
 41 ?[41m Hello ?[0m
 42 ?[42m Hello ?[0m
 43 ?[43m Hello ?[0m
 44 ?[44m Hello ?[0m
 45 ?[45m Hello ?[0m
 46 ?[46m Hello ?[0m
 47 ?[47m Hello ?[0m
 48 ?[48m Hello ?[0m
 49 ?[49m Hello ?[0m
 50 ?[50m Hello ?[0m
 51 ?[51m Hello ?[0m
 52 ?[52m Hello ?[0m
 53 ?[53m Hello ?[0m
 54 ?[54m Hello ?[0m
 55 ?[55m Hello ?[0m
 56 ?[56m Hello ?[0m
 57 ?[57m Hello ?[0m
 58 ?[58m Hello ?[0m
 59 ?[59m Hello ?[0m
 60 ?[60m Hello ?[0m
 61 ?[61m Hello ?[0m
 62 ?[62m Hello ?[0m
 63 ?[63m Hello ?[0m
 64 ?[64m Hello ?[0m
 65 ?[65m Hello ?[0m
 66 ?[66m Hello ?[0m
 67 ?[67m Hello ?[0m
 68 ?[68m Hello ?[0m
 69 ?[69m Hello ?[0m
 70 ?[70m Hello ?[0m
 71 ?[71m Hello ?[0m
 72 ?[72m Hello ?[0m
 73 ?[73m Hello ?[0m
 74 ?[74m Hello ?[0m
 75 ?[75m Hello ?[0m
 76 ?[76m Hello ?[0m
 77 ?[77m Hello ?[0m
 78 ?[78m Hello ?[0m
 79 ?[79m Hello ?[0m
 80 ?[80m Hello ?[0m
 81 ?[81m Hello ?[0m
 82 ?[82m Hello ?[0m
 83 ?[83m Hello ?[0m
 84 ?[84m Hello ?[0m
 85 ?[85m Hello ?[0m
 86 ?[86m Hello ?[0m
 87 ?[87m Hello ?[0m
 88 ?[88m Hello ?[0m
 89 ?[89m Hello ?[0m
 90 ?[90m Hello ?[0m
 91 ?[91m Hello ?[0m
 92 ?[92m Hello ?[0m
 93 ?[93m Hello ?[0m
 94 ?[94m Hello ?[0m
 95 ?[95m Hello ?[0m
 96 ?[96m Hello ?[0m
 97 ?[97m Hello ?[0m
 98 ?[98m Hello ?[0m
 99 ?[99m Hello ?[0m
100 ?[100m Hello ?[0m
101 ?[101m Hello ?[0m
102 ?[102m Hello ?[0m
103 ?[103m Hello ?[0m
104 ?[104m Hello ?[0m
105 ?[105m Hello ?[0m
106 ?[106m Hello ?[0m
107 ?[107m Hello ?[0m
108 ?[108m Hello ?[0m
109 ?[109m Hello ?[0m
110 ?[110m Hello ?[0m
111 ?[111m Hello ?[0m
112 ?[112m Hello ?[0m
113 ?[113m Hello ?[0m
114 ?[114m Hello ?[0m
115 ?[115m Hello ?[0m
116 ?[116m Hello ?[0m
117 ?[117m Hello ?[0m
118 ?[118m Hello ?[0m
119 ?[119m Hello ?[0m
120 ?[120m Hello ?[0m
121 ?[121m Hello ?[0m
122 ?[122m Hello ?[0m
123 ?[123m Hello ?[0m
124 ?[124m Hello ?[0m
125 ?[125m Hello ?[0m
126 ?[126m Hello ?[0m
127 ?[127m Hello ?[0m
128 ?[128m Hello ?[0m
129 ?[129m Hello ?[0m
130 ?[130m Hello ?[0m
131 ?[131m Hello ?[0m
132 ?[132m Hello ?[0m
133 ?[133m Hello ?[0m
134 ?[134m Hello ?[0m
135 ?[135m Hello ?[0m
136 ?[136m Hello ?[0m
137 ?[137m Hello ?[0m
138 ?[138m Hello ?[0m
139 ?[139m Hello ?[0m
140 ?[140m Hello ?[0m
141 ?[141m Hello ?[0m
142 ?[142m Hello ?[0m
143 ?[143m Hello ?[0m
144 ?[144m Hello ?[0m
145 ?[145m Hello ?[0m
146 ?[146m Hello ?[0m
147 ?[147m Hello ?[0m
148 ?[148m Hello ?[0m
149 ?[149m Hello ?[0m
150 ?[150m Hello ?[0m
151 ?[151m Hello ?[0m
152 ?[152m Hello ?[0m
153 ?[153m Hello ?[0m
154 ?[154m Hello ?[0m
155 ?[155m Hello ?[0m
156 ?[156m Hello ?[0m
157 ?[157m Hello ?[0m
158 ?[158m Hello ?[0m
159 ?[159m Hello ?[0m
160 ?[160m Hello ?[0m
161 ?[161m Hello ?[0m
162 ?[162m Hello ?[0m
163 ?[163m Hello ?[0m
164 ?[164m Hello ?[0m
165 ?[165m Hello ?[0m
166 ?[166m Hello ?[0m
167 ?[167m Hello ?[0m
168 ?[168m Hello ?[0m
169 ?[169m Hello ?[0m
170 ?[170m Hello ?[0m
171 ?[171m Hello ?[0m
172 ?[172m Hello ?[0m
173 ?[173m Hello ?[0m
174 ?[174m Hello ?[0m
175 ?[175m Hello ?[0m
176 ?[176m Hello ?[0m
177 ?[177m Hello ?[0m
178 ?[178m Hello ?[0m
179 ?[179m Hello ?[0m
180 ?[180m Hello ?[0m
181 ?[181m Hello ?[0m
182 ?[182m Hello ?[0m
183 ?[183m Hello ?[0m
184 ?[184m Hello ?[0m
185 ?[185m Hello ?[0m
186 ?[186m Hello ?[0m
187 ?[187m Hello ?[0m
188 ?[188m Hello ?[0m
189 ?[189m Hello ?[0m
190 ?[190m Hello ?[0m
191 ?[191m Hello ?[0m
192 ?[192m Hello ?[0m
193 ?[193m Hello ?[0m
194 ?[194m Hello ?[0m
195 ?[195m Hello ?[0m
196 ?[196m Hello ?[0m
197 ?[197m Hello ?[0m
198 ?[198m Hello ?[0m
199 ?[199m Hello ?[0m
200 ?[200m Hello ?[0m
201 ?[201m Hello ?[0m
202 ?[202m Hello ?[0m
203 ?[203m Hello ?[0m
204 ?[204m Hello ?[0m
205 ?[205m Hello ?[0m
206 ?[206m Hello ?[0m
207 ?[207m Hello ?[0m
208 ?[208m Hello ?[0m
209 ?[209m Hello ?[0m
210 ?[210m Hello ?[0m
211 ?[211m Hello ?[0m
212 ?[212m Hello ?[0m
213 ?[213m Hello ?[0m
214 ?[214m Hello ?[0m
215 ?[215m Hello ?[0m
216 ?[216m Hello ?[0m
217 ?[217m Hello ?[0m
218 ?[218m Hello ?[0m
219 ?[219m Hello ?[0m
220 ?[220m Hello ?[0m
221 ?[221m Hello ?[0m
222 ?[222m Hello ?[0m
223 ?[223m Hello ?[0m
224 ?[224m Hello ?[0m
225 ?[225m Hello ?[0m
226 ?[226m Hello ?[0m
227 ?[227m Hello ?[0m
228 ?[228m Hello ?[0m
229 ?[229m Hello ?[0m
230 ?[230m Hello ?[0m
231 ?[231m Hello ?[0m
232 ?[232m Hello ?[0m
233 ?[233m Hello ?[0m
234 ?[234m Hello ?[0m
235 ?[235m Hello ?[0m
236 ?[236m Hello ?[0m
237 ?[237m Hello ?[0m
238 ?[238m Hello ?[0m
239 ?[239m Hello ?[0m
240 ?[240m Hello ?[0m
241 ?[241m Hello ?[0m
242 ?[242m Hello ?[0m
243 ?[243m Hello ?[0m
244 ?[244m Hello ?[0m
245 ?[245m Hello ?[0m
246 ?[246m Hello ?[0m
247 ?[247m Hello ?[0m
248 ?[248m Hello ?[0m
249 ?[249m Hello ?[0m
250 ?[250m Hello ?[0m
251 ?[251m Hello ?[0m
252 ?[252m Hello ?[0m
253 ?[253m Hello ?[0m
254 ?[254m Hello ?[0m
?[38;5;145mExample?[0m
?[48;5;145mExample?[0m
?[123m
Hello
World?[3DHHHH?[34m?[41mabcdef?[0m
20
10
?[31mHello
?[31;1mHello
?[38;5;203mHello
?[38;2;255;70;70mHello
?[38;5;231mHello?[0m
95 103 228
95 103 228
?[38;2;95;103;228mHello
]]></system-out>
  <system-err><![CDATA[]]></system-err>
</testsuite>
