<?xml version="1.0" encoding="UTF-8"?>
<testsuite name="com.mcxiv.logger.decorations.ConsoleDecorationTest" tests="1" skipped="0" failures="0" errors="0" timestamp="2021-01-29T10:26:44" hostname="ANIRUDHHP" time="0.014">
  <properties/>
  <testcase name="test1" classname="com.mcxiv.logger.decorations.ConsoleDecorationTest" time="0.014"/>
  <system-out><![CDATA[?[34mHey?[0m
?[1m?[32mHey?[0m
?[1m?[31mHey?[0m
?[1m?[32mHey?[0m
AA?[1m?[33mHellHey?[0m
AA?[1m?[33mHellHeyA?[0md
Yo?[1m?[4m?[33m Hey After Word ?[0mBye
]]></system-out>
  <system-err><![CDATA[]]></system-err>
</testsuite>
