<?xml version="1.0" encoding="UTF-8"?>
<testsuite name="com.mcxiv.logger.tables.TableTest" tests="4" skipped="0" failures="0" errors="0" timestamp="2021-01-29T10:26:51" hostname="ANIRUDHHP" time="0.043">
  <properties/>
  <testcase name="LevelTest" classname="com.mcxiv.logger.tables.TableTest" time="0.009"/>
  <testcase name="BunchTest" classname="com.mcxiv.logger.tables.TableTest" time="0.015"/>
  <testcase name="SimpleTest" classname="com.mcxiv.logger.tables.TableTest" time="0.012"/>
  <testcase name="TabulationTest" classname="com.mcxiv.logger.tables.TableTest" time="0.007"/>
  <system-out><![CDATA[?[1m?[48;2;187;187;187m S.No. ?[0m?[1m?[48;2;204;204;204m Number 1 ?[0m?[1m?[48;2;187;187;187m Number 2 ?[0m?[1m?[48;2;204;204;204m Answer ?[0m
?[0m?[48;2;221;221;221m 1     ?[0m?[48;2;238;238;238m 8        ?[0m?[48;2;221;221;221m 7        ?[0m?[48;2;238;238;238m 56     ?[0m
?[0m?[48;2;221;221;221m 2     ?[0m?[48;2;238;238;238m 6        ?[0m?[48;2;221;221;221m 6        ?[0m?[48;2;238;238;238m 36     ?[0m
?[0m?[48;2;221;221;221m 3     ?[0m?[48;2;238;238;238m 4        ?[0m?[48;2;221;221;221m 7        ?[0m?[48;2;238;238;238m 28     ?[0m
?[0m?[48;2;221;221;221m 4     ?[0m?[48;2;238;238;238m 3        ?[0m?[48;2;221;221;221m 6        ?[0m?[48;2;238;238;238m 18     ?[0m
?[0m?[0m?[1m?[48;2;187;187;187m S.No. ?[0m?[1m?[48;2;204;204;204m Number 1 ?[0m?[1m?[48;2;187;187;187m Number 2 ?[0m?[1m?[48;2;204;204;204m Answer ?[0m
?[0m?[48;2;221;221;221m 1     ?[0m?[48;2;238;238;238m 8        ?[0m?[48;2;221;221;221m 7        ?[0m?[48;2;238;238;238m 56     ?[0m
?[0m?[48;2;221;221;221m 2     ?[0m?[48;2;238;238;238m 6        ?[0m?[48;2;221;221;221m 6        ?[0m?[48;2;238;238;238m 36     ?[0m
?[0m?[48;2;221;221;221m 3     ?[0m?[48;2;238;238;238m 4        ?[0m?[48;2;221;221;221m 7        ?[0m?[48;2;238;238;238m 28     ?[0m
?[0m?[48;2;221;221;221m 4     ?[0m?[48;2;238;238;238m 3        ?[0m?[48;2;221;221;221m 6        ?[0m?[48;2;238;238;238m 18     ?[0m
?[0m?[0m?[1m?[48;2;64;133;238m Average of Random Numbers  ?[0m
?[38;2;255;255;255m?[48;2;37;101;174m S.No. ?[0m?[38;2;255;255;255m?[48;2;15;82;152m Range      ?[0m?[38;2;255;255;255m?[48;2;37;101;174m Average ?[0m
?[0m?[48;2;102;211;250m 0     ?[0m?[48;2;85;211;254m 0-1000     ?[0m?[48;2;102;211;250m 0.497   ?[0m
?[0m?[48;2;102;211;250m 1     ?[0m?[48;2;85;211;254m 1000-2000  ?[0m?[48;2;102;211;250m 0.499   ?[0m
?[0m?[48;2;102;211;250m 2     ?[0m?[48;2;85;211;254m 2000-3000  ?[0m?[48;2;102;211;250m 0.488   ?[0m
?[0m?[48;2;102;211;250m 3     ?[0m?[48;2;85;211;254m 3000-4000  ?[0m?[48;2;102;211;250m 0.510   ?[0m
?[0m?[48;2;102;211;250m 4     ?[0m?[48;2;85;211;254m 4000-5000  ?[0m?[48;2;102;211;250m 0.520   ?[0m
?[0m?[48;2;102;211;250m 5     ?[0m?[48;2;85;211;254m 5000-6000  ?[0m?[48;2;102;211;250m 0.491   ?[0m
?[0m?[48;2;102;211;250m 6     ?[0m?[48;2;85;211;254m 6000-7000  ?[0m?[48;2;102;211;250m 0.506   ?[0m
?[0m?[48;2;102;211;250m 7     ?[0m?[48;2;85;211;254m 7000-8000  ?[0m?[48;2;102;211;250m 0.506   ?[0m
?[0m?[48;2;102;211;250m 8     ?[0m?[48;2;85;211;254m 8000-9000  ?[0m?[48;2;102;211;250m 0.501   ?[0m
?[0m?[48;2;102;211;250m 9     ?[0m?[48;2;85;211;254m 9000-10000 ?[0m?[48;2;102;211;250m 0.501   ?[0m
?[0m?[0m??[0m??[0m??[0m??[0m??[0m??[0m??[0m??[0m??[0m??[0m??[0m??[0m??[0m??[0m??[0m??[0m??[0m??[0m??[0m??[0m??[0m??[0m??[0m??[0m??[0m??[0m??[0m??[0m??[0m??[0m??[0m??[0m
?[0m??[1m  Average of Random Numbers   ?[0m?
??[0m??[0m??[0m??[0m??[0m??[0m??[0m??[0m??[0m??[0m??[0m??[0m??[0m??[0m??[0m??[0m??[0m??[0m??[0m??[0m??[0m??[0m??[0m??[0m??[0m??[0m??[0m??[0m??[0m??[0m??[0m??[0m
?[0m??[1m S.No. ?[0m??[1m      Range ?[0m??[1m Average ?[0m?
?[0m??[0m??[0m??[0m??[0m??[0m??[0m??[0m??[0m??[0m??[0m??[0m??[0m??[0m??[0m??[0m??[0m??[0m??[0m??[0m??[0m??[0m??[0m??[0m??[0m??[0m??[0m??[0m??[0m??[0m??[0m??[0m??[0m
?[0m??[1m     0 ?[0m??[1m     0-1000 ?[0m??[1m   0.497 ?[0m?
?[0m??[1m     1 ?[0m??[1m  1000-2000 ?[0m??[1m   0.499 ?[0m?
?[0m??[1m     2 ?[0m??[1m  2000-3000 ?[0m??[1m   0.488 ?[0m?
?[0m??[1m     3 ?[0m??[1m  3000-4000 ?[0m??[1m   0.510 ?[0m?
?[0m??[1m     4 ?[0m??[1m  4000-5000 ?[0m??[1m   0.520 ?[0m?
?[0m??[1m     5 ?[0m??[1m  5000-6000 ?[0m??[1m   0.491 ?[0m?
?[0m??[1m     6 ?[0m??[1m  6000-7000 ?[0m??[1m   0.506 ?[0m?
?[0m??[1m     7 ?[0m??[1m  7000-8000 ?[0m??[1m   0.506 ?[0m?
?[0m??[1m     8 ?[0m??[1m  8000-9000 ?[0m??[1m   0.501 ?[0m?
?[0m??[1m     9 ?[0m??[1m 9000-10000 ?[0m??[1m   0.501 ?[0m?
?[0m??[0m??[0m??[0m??[0m??[0m??[0m??[0m??[0m??[0m??[0m??[0m??[0m??[0m??[0m??[0m??[0m??[0m??[0m??[0m??[0m??[0m??[0m??[0m??[0m??[0m??[0m??[0m??[0m??[0m??[0m??[0m??[0m
?[0m?[0m Average of Random Numbers?[0m
 S.No. ?[0m Range      ?[0m Average ?[0m
?[0m 0     ?[0m 0-1000     ?[0m 0.497   ?[0m
?[0m 1     ?[0m 1000-2000  ?[0m 0.499   ?[0m
?[0m 2     ?[0m 2000-3000  ?[0m 0.488   ?[0m
?[0m 3     ?[0m 3000-4000  ?[0m 0.510   ?[0m
?[0m 4     ?[0m 4000-5000  ?[0m 0.520   ?[0m
?[0m 5     ?[0m 5000-6000  ?[0m 0.491   ?[0m
?[0m 6     ?[0m 6000-7000  ?[0m 0.506   ?[0m
?[0m 7     ?[0m 7000-8000  ?[0m 0.506   ?[0m
?[0m 8     ?[0m 8000-9000  ?[0m 0.501   ?[0m
?[0m 9     ?[0m 9000-10000 ?[0m 0.501   ?[0m
?[0m?[0m?[1m?[48;2;238;238;238m Yo                                ?[0m
?[1m?[48;2;187;187;187m S.No. ?[0m?[1m?[48;2;204;204;204m Number 1 ?[0m?[1m?[48;2;187;187;187m Number 2 ?[0m?[1m?[48;2;204;204;204m Answer ?[0m
?[0m?[48;2;221;221;221m       ?[0m?[48;2;238;238;238m A        ?[0m?[48;2;221;221;221m B        ?[0m?[48;2;238;238;238m A x B  ?[0m
?[0m?[48;2;221;221;221m 1     ?[0m?[48;2;238;238;238m 8        ?[0m?[48;2;221;221;221m 8        ?[0m?[48;2;238;238;238m 64     ?[0m
?[0m?[48;2;221;221;221m 2     ?[0m?[48;2;238;238;238m 6        ?[0m?[48;2;221;221;221m 8        ?[0m?[48;2;238;238;238m 48     ?[0m
?[0m?[48;2;221;221;221m 3     ?[0m?[48;2;238;238;238m 4        ?[0m?[48;2;221;221;221m 2        ?[0m?[48;2;238;238;238m 8      ?[0m
?[0m?[48;2;221;221;221m 4     ?[0m?[48;2;238;238;238m 1        ?[0m?[48;2;221;221;221m 1        ?[0m?[48;2;238;238;238m 1      ?[0m
?[0m?[48;2;221;221;221m 5     ?[0m?[48;2;238;238;238m 5        ?[0m?[48;2;221;221;221m 4        ?[0m?[48;2;238;238;238m 20     ?[0m
?[0m?[48;2;221;221;221m 6     ?[0m?[48;2;238;238;238m 1        ?[0m?[48;2;221;221;221m 6        ?[0m?[48;2;238;238;238m 6      ?[0m
?[0m?[48;2;221;221;221m 7     ?[0m?[48;2;238;238;238m 6        ?[0m?[48;2;221;221;221m 9        ?[0m?[48;2;238;238;238m 54     ?[0m
?[0m?[48;2;221;221;221m 8     ?[0m?[48;2;238;238;238m 7        ?[0m?[48;2;221;221;221m 1        ?[0m?[48;2;238;238;238m 7      ?[0m
?[0m?[48;2;221;221;221m 9     ?[0m?[48;2;238;238;238m 9        ?[0m?[48;2;221;221;221m 1        ?[0m?[48;2;238;238;238m 9      ?[0m
?[0m?[48;2;221;221;221m 10    ?[0m?[48;2;238;238;238m 7        ?[0m?[48;2;221;221;221m 9        ?[0m?[48;2;238;238;238m 63     ?[0m
?[0m?[48;2;221;221;221m       ?[0m?[48;2;238;238;238m Only     ?[0m?[48;2;221;221;221m Even     ?[0m?[48;2;238;238;238m Values ?[0m
?[0m?[48;2;221;221;221m 2     ?[0m?[48;2;238;238;238m 6        ?[0m?[48;2;221;221;221m 8        ?[0m?[48;2;238;238;238m 48     ?[0m
?[0m?[48;2;221;221;221m 4     ?[0m?[48;2;238;238;238m 1        ?[0m?[48;2;221;221;221m 1        ?[0m?[48;2;238;238;238m 1      ?[0m
?[0m?[48;2;221;221;221m 6     ?[0m?[48;2;238;238;238m 1        ?[0m?[48;2;221;221;221m 6        ?[0m?[48;2;238;238;238m 6      ?[0m
?[0m?[48;2;221;221;221m 8     ?[0m?[48;2;238;238;238m 7        ?[0m?[48;2;221;221;221m 1        ?[0m?[48;2;238;238;238m 7      ?[0m
?[0m?[48;2;221;221;221m 10    ?[0m?[48;2;238;238;238m 7        ?[0m?[48;2;221;221;221m 9        ?[0m?[48;2;238;238;238m 63     ?[0m
?[0m?[0m??[0m??[0m??[0m??[0m??[0m??[0m??[0m??[0m??[0m??[0m??[0m??[0m??[0m??[0m??[0m??[0m??[0m??[0m??[0m??[0m??[0m??[0m??[0m??[0m??[0m??[0m??[0m??[0m??[0m??[0m??[0m??[0m??[0m??[0m??[0m??[0m??[0m??[0m??[0m??[0m
?[0m??[1m                Hello                 ?[0m?
??[0m??[0m??[0m??[0m??[0m??[0m??[0m??[0m??[0m??[0m??[0m??[0m??[0m??[0m??[0m??[0m??[0m??[0m??[0m??[0m??[0m??[0m??[0m??[0m??[0m??[0m??[0m??[0m??[0m??[0m??[0m??[0m??[0m??[0m??[0m??[0m??[0m??[0m??[0m??[0m
?[0m??[1m S.No. ?[0m??[1m Number 1 ?[0m??[1m Number 2 ?[0m??[1m Answer ?[0m?
?[0m??[0m??[0m??[0m??[0m??[0m??[0m??[0m??[0m??[0m??[0m??[0m??[0m??[0m??[0m??[0m??[0m??[0m??[0m??[0m??[0m??[0m??[0m??[0m??[0m??[0m??[0m??[0m??[0m??[0m??[0m??[0m??[0m??[0m??[0m??[0m??[0m??[0m??[0m??[0m??[0m
?[0m??[1m     ! ?[0m??[1m        A ?[0m??[1m        B ?[0m??[1m  A x B ?[0m?
?[0m??[1m     1 ?[0m??[1m        8 ?[0m??[1m        8 ?[0m??[1m     64 ?[0m?
?[0m??[1m     2 ?[0m??[1m        6 ?[0m??[1m        8 ?[0m??[1m     48 ?[0m?
?[0m??[1m     3 ?[0m??[1m        4 ?[0m??[1m        2 ?[0m??[1m      8 ?[0m?
?[0m??[1m     4 ?[0m??[1m        1 ?[0m??[1m        1 ?[0m??[1m      1 ?[0m?
?[0m??[1m     5 ?[0m??[1m        5 ?[0m??[1m        4 ?[0m??[1m     20 ?[0m?
?[0m??[1m     6 ?[0m??[1m        1 ?[0m??[1m        6 ?[0m??[1m      6 ?[0m?
?[0m??[1m     7 ?[0m??[1m        6 ?[0m??[1m        9 ?[0m??[1m     54 ?[0m?
?[0m??[1m     8 ?[0m??[1m        7 ?[0m??[1m        1 ?[0m??[1m      7 ?[0m?
?[0m??[1m     9 ?[0m??[1m        9 ?[0m??[1m        1 ?[0m??[1m      9 ?[0m?
?[0m??[1m    10 ?[0m??[1m        7 ?[0m??[1m        9 ?[0m??[1m     63 ?[0m?
?[0m??[1m       ?[0m??[1m     Only ?[0m??[1m     Even ?[0m??[1m Values ?[0m?
?[0m??[1m     2 ?[0m??[1m        6 ?[0m??[1m        8 ?[0m??[1m     48 ?[0m?
?[0m??[1m     4 ?[0m??[1m        1 ?[0m??[1m        1 ?[0m??[1m      1 ?[0m?
?[0m??[1m     6 ?[0m??[1m        1 ?[0m??[1m        6 ?[0m??[1m      6 ?[0m?
?[0m??[1m     8 ?[0m??[1m        7 ?[0m??[1m        1 ?[0m??[1m      7 ?[0m?
?[0m??[1m    10 ?[0m??[1m        7 ?[0m??[1m        9 ?[0m??[1m     63 ?[0m?
?[0m??[0m??[0m??[0m??[0m??[0m??[0m??[0m??[0m??[0m??[0m??[0m??[0m??[0m??[0m??[0m??[0m??[0m??[0m??[0m??[0m??[0m??[0m??[0m??[0m??[0m??[0m??[0m??[0m??[0m??[0m??[0m??[0m??[0m??[0m??[0m??[0m??[0m??[0m??[0m??[0m
?[0m?[0m Hello?[0m
 S.No. ?[0m Number 1 ?[0m Number 2 ?[0m Answer ?[0m
?[0m !     ?[0m A        ?[0m B        ?[0m A x B  ?[0m
?[0m 1     ?[0m 8        ?[0m 8        ?[0m 64     ?[0m
?[0m 2     ?[0m 6        ?[0m 8        ?[0m 48     ?[0m
?[0m 3     ?[0m 4        ?[0m 2        ?[0m 8      ?[0m
?[0m 4     ?[0m 1        ?[0m 1        ?[0m 1      ?[0m
?[0m 5     ?[0m 5        ?[0m 4        ?[0m 20     ?[0m
?[0m 6     ?[0m 1        ?[0m 6        ?[0m 6      ?[0m
?[0m 7     ?[0m 6        ?[0m 9        ?[0m 54     ?[0m
?[0m 8     ?[0m 7        ?[0m 1        ?[0m 7      ?[0m
?[0m 9     ?[0m 9        ?[0m 1        ?[0m 9      ?[0m
?[0m 10    ?[0m 7        ?[0m 9        ?[0m 63     ?[0m
?[0m       ?[0m Only     ?[0m Even     ?[0m Values ?[0m
?[0m 2     ?[0m 6        ?[0m 8        ?[0m 48     ?[0m
?[0m 4     ?[0m 1        ?[0m 1        ?[0m 1      ?[0m
?[0m 6     ?[0m 1        ?[0m 6        ?[0m 6      ?[0m
?[0m 8     ?[0m 7        ?[0m 1        ?[0m 7      ?[0m
?[0m 10    ?[0m 7        ?[0m 9        ?[0m 63     ?[0m
?[0m?[0m?[1m?[38;2;255;255;255m?[48;2;170;0;0m TableTest$InternalFrameInternalFrameTitlePaneInternalFrameTitlePaneIconifyButtonPainter ?[0m?[4m?[34m?[48;2;238;238;0m                                     ?[0m
?[1m?[48;2;255;255;170m Package                                      ?[0m?[1m?[48;2;255;255;204m Class                                             ?[0m?[1m?[48;2;255;255;170m Method            ?[0m?[1m?[48;2;255;255;204m Line no. ?[0m
?[0m?[48;2;255;255;204m com.mcxiv.logger.tables                      ?[0m?[48;2;255;255;170m TableTest                                         ?[0m?[48;2;255;255;204m TabulationTest    ?[0m?[48;2;255;255;170m 150      ?[0m
?[0m?[48;2;255;255;204m sun.reflect                                  ?[0m?[48;2;255;255;170m NativeMethodAccessorImpl                          ?[0m?[48;2;255;255;204m invoke0           ?[0m?[48;2;255;255;170m -2       ?[0m
?[0m?[48;2;255;255;204m sun.reflect                                  ?[0m?[48;2;255;255;170m NativeMethodAccessorImpl                          ?[0m?[48;2;255;255;204m invoke            ?[0m?[48;2;255;255;170m 62       ?[0m
?[0m?[48;2;255;255;204m sun.reflect                                  ?[0m?[48;2;255;255;170m DelegatingMethodAccessorImpl                      ?[0m?[48;2;255;255;204m invoke            ?[0m?[48;2;255;255;170m 43       ?[0m
?[0m?[48;2;255;255;204m java.lang.reflect                            ?[0m?[48;2;255;255;170m Method                                            ?[0m?[48;2;255;255;204m invoke            ?[0m?[48;2;255;255;170m 498      ?[0m
?[0m?[48;2;255;255;204m org.junit.runners.model                      ?[0m?[48;2;255;255;170m FrameworkMethod$1                                 ?[0m?[48;2;255;255;204m runReflectiveCall ?[0m?[48;2;255;255;170m 50       ?[0m
?[0m?[48;2;255;255;204m org.junit.internal.runners.model             ?[0m?[48;2;255;255;170m ReflectiveCallable                                ?[0m?[48;2;255;255;204m run               ?[0m?[48;2;255;255;170m 12       ?[0m
?[0m?[48;2;255;255;204m org.junit.runners.model                      ?[0m?[48;2;255;255;170m FrameworkMethod                                   ?[0m?[48;2;255;255;204m invokeExplosively ?[0m?[48;2;255;255;170m 47       ?[0m
?[0m?[48;2;255;255;204m org.junit.internal.runners.statements        ?[0m?[48;2;255;255;170m InvokeMethod                                      ?[0m?[48;2;255;255;204m evaluate          ?[0m?[48;2;255;255;170m 17       ?[0m
?[0m?[48;2;255;255;204m org.junit.runners                            ?[0m?[48;2;255;255;170m ParentRunner                                      ?[0m?[48;2;255;255;204m runLeaf           ?[0m?[48;2;255;255;170m 325      ?[0m
?[0m?[48;2;255;255;204m org.junit.runners                            ?[0m?[48;2;255;255;170m BlockJUnit4ClassRunner                            ?[0m?[48;2;255;255;204m runChild          ?[0m?[48;2;255;255;170m 78       ?[0m
?[0m?[48;2;255;255;204m org.junit.runners                            ?[0m?[48;2;255;255;170m BlockJUnit4ClassRunner                            ?[0m?[48;2;255;255;204m runChild          ?[0m?[48;2;255;255;170m 57       ?[0m
?[0m?[48;2;255;255;204m org.junit.runners                            ?[0m?[48;2;255;255;170m ParentRunner$3                                    ?[0m?[48;2;255;255;204m run               ?[0m?[48;2;255;255;170m 290      ?[0m
?[0m?[48;2;255;255;204m org.junit.runners                            ?[0m?[48;2;255;255;170m ParentRunner$1                                    ?[0m?[48;2;255;255;204m schedule          ?[0m?[48;2;255;255;170m 71       ?[0m
?[0m?[48;2;255;255;204m org.junit.runners                            ?[0m?[48;2;255;255;170m ParentRunner                                      ?[0m?[48;2;255;255;204m runChildren       ?[0m?[48;2;255;255;170m 288      ?[0m
?[0m?[48;2;255;255;204m org.junit.runners                            ?[0m?[48;2;255;255;170m ParentRunner                                      ?[0m?[48;2;255;255;204m access$000        ?[0m?[48;2;255;255;170m 58       ?[0m
?[0m?[48;2;255;255;204m org.junit.runners                            ?[0m?[48;2;255;255;170m ParentRunner$2                                    ?[0m?[48;2;255;255;204m evaluate          ?[0m?[48;2;255;255;170m 268      ?[0m
?[0m?[48;2;255;255;204m org.junit.runners                            ?[0m?[48;2;255;255;170m ParentRunner                                      ?[0m?[48;2;255;255;204m run               ?[0m?[48;2;255;255;170m 363      ?[0m
?[0m?[48;2;255;255;204m org.gradle.api.internal.tasks.testing.junit  ?[0m?[48;2;255;255;170m JUnitTestClassExecutor                            ?[0m?[48;2;255;255;204m runTestClass      ?[0m?[48;2;255;255;170m 110      ?[0m
?[0m?[48;2;255;255;204m org.gradle.api.internal.tasks.testing.junit  ?[0m?[48;2;255;255;170m JUnitTestClassExecutor                            ?[0m?[48;2;255;255;204m execute           ?[0m?[48;2;255;255;170m 58       ?[0m
?[0m?[48;2;255;255;204m org.gradle.api.internal.tasks.testing.junit  ?[0m?[48;2;255;255;170m JUnitTestClassExecutor                            ?[0m?[48;2;255;255;204m execute           ?[0m?[48;2;255;255;170m 38       ?[0m
?[0m?[48;2;255;255;204m org.gradle.api.internal.tasks.testing.junit  ?[0m?[48;2;255;255;170m AbstractJUnitTestClassProcessor                   ?[0m?[48;2;255;255;204m processTestClass  ?[0m?[48;2;255;255;170m 62       ?[0m
?[0m?[48;2;255;255;204m org.gradle.api.internal.tasks.testing        ?[0m?[48;2;255;255;170m SuiteTestClassProcessor                           ?[0m?[48;2;255;255;204m processTestClass  ?[0m?[48;2;255;255;170m 51       ?[0m
?[0m?[48;2;255;255;204m sun.reflect                                  ?[0m?[48;2;255;255;170m NativeMethodAccessorImpl                          ?[0m?[48;2;255;255;204m invoke0           ?[0m?[48;2;255;255;170m -2       ?[0m
?[0m?[48;2;255;255;204m sun.reflect                                  ?[0m?[48;2;255;255;170m NativeMethodAccessorImpl                          ?[0m?[48;2;255;255;204m invoke            ?[0m?[48;2;255;255;170m 62       ?[0m
?[0m?[48;2;255;255;204m sun.reflect                                  ?[0m?[48;2;255;255;170m DelegatingMethodAccessorImpl                      ?[0m?[48;2;255;255;204m invoke            ?[0m?[48;2;255;255;170m 43       ?[0m
?[0m?[48;2;255;255;204m java.lang.reflect                            ?[0m?[48;2;255;255;170m Method                                            ?[0m?[48;2;255;255;204m invoke            ?[0m?[48;2;255;255;170m 498      ?[0m
?[0m?[48;2;255;255;204m org.gradle.internal.dispatch                 ?[0m?[48;2;255;255;170m ReflectionDispatch                                ?[0m?[48;2;255;255;204m dispatch          ?[0m?[48;2;255;255;170m 36       ?[0m
?[0m?[48;2;255;255;204m org.gradle.internal.dispatch                 ?[0m?[48;2;255;255;170m ReflectionDispatch                                ?[0m?[48;2;255;255;204m dispatch          ?[0m?[48;2;255;255;170m 24       ?[0m
?[0m?[48;2;255;255;204m org.gradle.internal.dispatch                 ?[0m?[48;2;255;255;170m ContextClassLoaderDispatch                        ?[0m?[48;2;255;255;204m dispatch          ?[0m?[48;2;255;255;170m 33       ?[0m
?[0m?[48;2;255;255;204m org.gradle.internal.dispatch                 ?[0m?[48;2;255;255;170m ProxyDispatchAdapter$DispatchingInvocationHandler ?[0m?[48;2;255;255;204m invoke            ?[0m?[48;2;255;255;170m 94       ?[0m
?[0m?[48;2;255;255;204m com.sun.proxy.                               ?[0m?[48;2;255;255;170m Proxy2                                            ?[0m?[48;2;255;255;204m processTestClass  ?[0m?[48;2;255;255;170m -1       ?[0m
?[0m?[48;2;255;255;204m org.gradle.api.internal.tasks.testing.worker ?[0m?[48;2;255;255;170m TestWorker                                        ?[0m?[48;2;255;255;204m processTestClass  ?[0m?[48;2;255;255;170m 118      ?[0m
?[0m?[48;2;255;255;204m sun.reflect                                  ?[0m?[48;2;255;255;170m NativeMethodAccessorImpl                          ?[0m?[48;2;255;255;204m invoke0           ?[0m?[48;2;255;255;170m -2       ?[0m
?[0m?[48;2;255;255;204m sun.reflect                                  ?[0m?[48;2;255;255;170m NativeMethodAccessorImpl                          ?[0m?[48;2;255;255;204m invoke            ?[0m?[48;2;255;255;170m 62       ?[0m
?[0m?[48;2;255;255;204m sun.reflect                                  ?[0m?[48;2;255;255;170m DelegatingMethodAccessorImpl                      ?[0m?[48;2;255;255;204m invoke            ?[0m?[48;2;255;255;170m 43       ?[0m
?[0m?[48;2;255;255;204m java.lang.reflect                            ?[0m?[48;2;255;255;170m Method                                            ?[0m?[48;2;255;255;204m invoke            ?[0m?[48;2;255;255;170m 498      ?[0m
?[0m?[48;2;255;255;204m org.gradle.internal.dispatch                 ?[0m?[48;2;255;255;170m ReflectionDispatch                                ?[0m?[48;2;255;255;204m dispatch          ?[0m?[48;2;255;255;170m 36       ?[0m
?[0m?[48;2;255;255;204m org.gradle.internal.dispatch                 ?[0m?[48;2;255;255;170m ReflectionDispatch                                ?[0m?[48;2;255;255;204m dispatch          ?[0m?[48;2;255;255;170m 24       ?[0m
?[0m?[48;2;255;255;204m org.gradle.internal.remote.internal.hub      ?[0m?[48;2;255;255;170m MessageHubBackedObjectConnection$DispatchWrapper  ?[0m?[48;2;255;255;204m dispatch          ?[0m?[48;2;255;255;170m 182      ?[0m
?[0m?[48;2;255;255;204m org.gradle.internal.remote.internal.hub      ?[0m?[48;2;255;255;170m MessageHubBackedObjectConnection$DispatchWrapper  ?[0m?[48;2;255;255;204m dispatch          ?[0m?[48;2;255;255;170m 164      ?[0m
?[0m?[48;2;255;255;204m org.gradle.internal.remote.internal.hub      ?[0m?[48;2;255;255;170m MessageHub$Handler                                ?[0m?[48;2;255;255;204m run               ?[0m?[48;2;255;255;170m 412      ?[0m
?[0m?[48;2;255;255;204m org.gradle.internal.concurrent               ?[0m?[48;2;255;255;170m ExecutorPolicy$CatchAndRecordFailures             ?[0m?[48;2;255;255;204m onExecute         ?[0m?[48;2;255;255;170m 64       ?[0m
?[0m?[48;2;255;255;204m org.gradle.internal.concurrent               ?[0m?[48;2;255;255;170m ManagedExecutorImpl$1                             ?[0m?[48;2;255;255;204m run               ?[0m?[48;2;255;255;170m 48       ?[0m
?[0m?[48;2;255;255;204m java.util.concurrent                         ?[0m?[48;2;255;255;170m ThreadPoolExecutor                                ?[0m?[48;2;255;255;204m runWorker         ?[0m?[48;2;255;255;170m 1149     ?[0m
?[0m?[48;2;255;255;204m java.util.concurrent                         ?[0m?[48;2;255;255;170m ThreadPoolExecutor$Worker                         ?[0m?[48;2;255;255;204m run               ?[0m?[48;2;255;255;170m 624      ?[0m
?[0m?[48;2;255;255;204m org.gradle.internal.concurrent               ?[0m?[48;2;255;255;170m ThreadFactoryImpl$ManagedThreadRunnable           ?[0m?[48;2;255;255;204m run               ?[0m?[48;2;255;255;170m 56       ?[0m
?[0m?[48;2;255;255;204m java.lang                                    ?[0m?[48;2;255;255;170m Thread                                            ?[0m?[48;2;255;255;204m run               ?[0m?[48;2;255;255;170m 748      ?[0m
?[0m?[0m]]></system-out>
  <system-err><![CDATA[]]></system-err>
</testsuite>
