<?xml version="1.0" encoding="UTF-8"?>
<testsuite name="com.mcxiv.logger.ultimate.ULogTest" tests="2" skipped="0" failures="0" errors="0" timestamp="2021-01-29T10:26:51" hostname="ANIRUDHHP" time="0.067">
  <properties/>
  <testcase name="tableTest" classname="com.mcxiv.logger.ultimate.ULogTest" time="0.031"/>
  <testcase name="simple" classname="com.mcxiv.logger.ultimate.ULogTest" time="0.036"/>
  <system-out><![CDATA[?[1m?[48;2;187;187;187m S.No. ?[0m?[1m?[48;2;204;204;204m Number 1 ?[0m?[1m?[48;2;187;187;187m Number 2 ?[0m?[1m?[48;2;204;204;204m Answer ?[0m
?[0m?[48;2;221;221;221m       ?[0m?[48;2;238;238;238m A        ?[0m?[48;2;221;221;221m B        ?[0m?[48;2;238;238;238m A x B  ?[0m
?[0m?[48;2;221;221;221m 1     ?[0m?[48;2;238;238;238m 2        ?[0m?[48;2;221;221;221m 8        ?[0m?[48;2;238;238;238m 16     ?[0m
?[0m?[48;2;221;221;221m 2     ?[0m?[48;2;238;238;238m 5        ?[0m?[48;2;221;221;221m 3        ?[0m?[48;2;238;238;238m 15     ?[0m
?[0m?[48;2;221;221;221m 3     ?[0m?[48;2;238;238;238m 8        ?[0m?[48;2;221;221;221m 7        ?[0m?[48;2;238;238;238m 56     ?[0m
?[0m?[48;2;221;221;221m 4     ?[0m?[48;2;238;238;238m 4        ?[0m?[48;2;221;221;221m 3        ?[0m?[48;2;238;238;238m 12     ?[0m
?[0m?[48;2;221;221;221m 5     ?[0m?[48;2;238;238;238m 7        ?[0m?[48;2;221;221;221m 7        ?[0m?[48;2;238;238;238m 49     ?[0m
?[0m?[48;2;221;221;221m 6     ?[0m?[48;2;238;238;238m 0        ?[0m?[48;2;221;221;221m 0        ?[0m?[48;2;238;238;238m 0      ?[0m
?[0m?[48;2;221;221;221m 7     ?[0m?[48;2;238;238;238m 7        ?[0m?[48;2;221;221;221m 6        ?[0m?[48;2;238;238;238m 42     ?[0m
?[0m?[48;2;221;221;221m 8     ?[0m?[48;2;238;238;238m 2        ?[0m?[48;2;221;221;221m 5        ?[0m?[48;2;238;238;238m 10     ?[0m
?[0m?[48;2;221;221;221m 9     ?[0m?[48;2;238;238;238m 6        ?[0m?[48;2;221;221;221m 7        ?[0m?[48;2;238;238;238m 42     ?[0m
?[0m?[48;2;221;221;221m 10    ?[0m?[48;2;238;238;238m 9        ?[0m?[48;2;221;221;221m 5        ?[0m?[48;2;238;238;238m 45     ?[0m
?[0m?[48;2;221;221;221m       ?[0m?[48;2;238;238;238m Only     ?[0m?[48;2;221;221;221m Even     ?[0m?[48;2;238;238;238m Values ?[0m
?[0m?[48;2;221;221;221m 2     ?[0m?[48;2;238;238;238m 5        ?[0m?[48;2;221;221;221m 3        ?[0m?[48;2;238;238;238m 15     ?[0m
?[0m?[48;2;221;221;221m 4     ?[0m?[48;2;238;238;238m 4        ?[0m?[48;2;221;221;221m 3        ?[0m?[48;2;238;238;238m 12     ?[0m
?[0m?[48;2;221;221;221m 6     ?[0m?[48;2;238;238;238m 0        ?[0m?[48;2;221;221;221m 0        ?[0m?[48;2;238;238;238m 0      ?[0m
?[0m?[48;2;221;221;221m 8     ?[0m?[48;2;238;238;238m 2        ?[0m?[48;2;221;221;221m 5        ?[0m?[48;2;238;238;238m 10     ?[0m
?[0m?[48;2;221;221;221m 10    ?[0m?[48;2;238;238;238m 9        ?[0m?[48;2;221;221;221m 5        ?[0m?[48;2;238;238;238m 45     ?[0m
Yo?[0m
Yo?[0m
Yo?[0m
Yo?[0m
Yo?[0m
Yo?[0m
Yo?[0m
Yo?[0m
Yo?[0m
Yo?[0m
?[0m?[0m??[0m??[0m??[0m??[0m??[0m??[0m??[0m??[0m??[0m??[0m??[0m??[0m??[0m??[0m??[0m??[0m??[0m??[0m??[0m??[0m??[0m??[0m??[0m??[0m??[0m??[0m??[0m??[0m??[0m??[0m??[0m??[0m??[0m??[0m??[0m??[0m??[0m??[0m??[0m??[0m
?[0m??[1m                 %%s                  ?[0m?
??[0m??[0m??[0m??[0m??[0m??[0m??[0m??[0m??[0m??[0m??[0m??[0m??[0m??[0m??[0m??[0m??[0m??[0m??[0m??[0m??[0m??[0m??[0m??[0m??[0m??[0m??[0m??[0m??[0m??[0m??[0m??[0m??[0m??[0m??[0m??[0m??[0m??[0m??[0m??[0m
?[0m??[1m S.No. ?[0m??[1m Number 1 ?[0m??[1m Number 2 ?[0m??[1m Answer ?[0m?
?[0m??[0m??[0m??[0m??[0m??[0m??[0m??[0m??[0m??[0m??[0m??[0m??[0m??[0m??[0m??[0m??[0m??[0m??[0m??[0m??[0m??[0m??[0m??[0m??[0m??[0m??[0m??[0m??[0m??[0m??[0m??[0m??[0m??[0m??[0m??[0m??[0m??[0m??[0m??[0m??[0m
?[0m??[1m     ! ?[0m??[1m        A ?[0m??[1m        B ?[0m??[1m  A x B ?[0m?
?[0m??[1m     1 ?[0m??[1m        2 ?[0m??[1m        8 ?[0m??[1m     16 ?[0m?
?[0m??[1m     2 ?[0m??[1m        5 ?[0m??[1m        3 ?[0m??[1m     15 ?[0m?
?[0m??[1m     3 ?[0m??[1m        8 ?[0m??[1m        7 ?[0m??[1m     56 ?[0m?
?[0m??[1m     4 ?[0m??[1m        4 ?[0m??[1m        3 ?[0m??[1m     12 ?[0m?
?[0m??[1m     5 ?[0m??[1m        7 ?[0m??[1m        7 ?[0m??[1m     49 ?[0m?
?[0m??[1m     6 ?[0m??[1m        0 ?[0m??[1m        0 ?[0m??[1m      0 ?[0m?
?[0m??[1m     7 ?[0m??[1m        7 ?[0m??[1m        6 ?[0m??[1m     42 ?[0m?
?[0m??[1m     8 ?[0m??[1m        2 ?[0m??[1m        5 ?[0m??[1m     10 ?[0m?
?[0m??[1m     9 ?[0m??[1m        6 ?[0m??[1m        7 ?[0m??[1m     42 ?[0m?
?[0m??[1m    10 ?[0m??[1m        9 ?[0m??[1m        5 ?[0m??[1m     45 ?[0m?
?[0m??[1m       ?[0m??[1m     Only ?[0m??[1m     Even ?[0m??[1m Values ?[0m?
?[0m??[1m     2 ?[0m??[1m        5 ?[0m??[1m        3 ?[0m??[1m     15 ?[0m?
?[0m??[1m     4 ?[0m??[1m        4 ?[0m??[1m        3 ?[0m??[1m     12 ?[0m?
?[0m??[1m     6 ?[0m??[1m        0 ?[0m??[1m        0 ?[0m??[1m      0 ?[0m?
?[0m??[1m     8 ?[0m??[1m        2 ?[0m??[1m        5 ?[0m??[1m     10 ?[0m?
?[0m??[1m    10 ?[0m??[1m        9 ?[0m??[1m        5 ?[0m??[1m     45 ?[0m?
?[0m??[0m??[0m??[0m??[0m??[0m??[0m??[0m??[0m??[0m??[0m??[0m??[0m??[0m??[0m??[0m??[0m??[0m??[0m??[0m??[0m??[0m??[0m??[0m??[0m??[0m??[0m??[0m??[0m??[0m??[0m??[0m??[0m??[0m??[0m??[0m??[0m??[0m??[0m??[0m??[0m
?[0m?[0m Hello?[0m
 S.No. ?[0m Number 1 ?[0m Number 2 ?[0m Answer ?[0m
?[0m !     ?[0m A        ?[0m B        ?[0m A x B  ?[0m
?[0m 1     ?[0m 2        ?[0m 8        ?[0m 16     ?[0m
?[0m 2     ?[0m 5        ?[0m 3        ?[0m 15     ?[0m
?[0m 3     ?[0m 8        ?[0m 7        ?[0m 56     ?[0m
?[0m 4     ?[0m 4        ?[0m 3        ?[0m 12     ?[0m
?[0m 5     ?[0m 7        ?[0m 7        ?[0m 49     ?[0m
?[0m 6     ?[0m 0        ?[0m 0        ?[0m 0      ?[0m
?[0m 7     ?[0m 7        ?[0m 6        ?[0m 42     ?[0m
?[0m 8     ?[0m 2        ?[0m 5        ?[0m 10     ?[0m
?[0m 9     ?[0m 6        ?[0m 7        ?[0m 42     ?[0m
?[0m 10    ?[0m 9        ?[0m 5        ?[0m 45     ?[0m
?[0m       ?[0m Only     ?[0m Even     ?[0m Values ?[0m
?[0m 2     ?[0m 5        ?[0m 3        ?[0m 15     ?[0m
?[0m 4     ?[0m 4        ?[0m 3        ?[0m 12     ?[0m
?[0m 6     ?[0m 0        ?[0m 0        ?[0m 0      ?[0m
?[0m 8     ?[0m 2        ?[0m 5        ?[0m 10     ?[0m
?[0m 10    ?[0m 9        ?[0m 5        ?[0m 45     ?[0m
?[0m?[0m	 ?[34mA?[0m
		 ?[33mB?[0m
Yo?[0m
 94.500 ? ?[0m ?[0m ?[0m ?[0m ?[0m ?[0m ?[0m?[38;2;249;230;254m??[0m ?[0m ?[0m ?[0m ?[0m ?[0m ?[0m ?[0m ?[0m ?[0m ?[0m ?[0m ?[0m?[38;2;173;224;240m??[0m    ?[0m?[38;2;71;37;41m??[0m Title Name 0 ?[0m
?[0m 91.000 ? ?[0m ?[0m ?[0m ?[0m ?[0m ?[0m ?[0m?[38;2;249;230;254m??[0m ?[0m ?[0m?[38;2;34;238;17m??[0m ?[0m ?[0m ?[0m ?[0m ?[0m ?[0m ?[0m ?[0m ?[0m?[38;2;173;224;240m??[0m    ?[0m?[38;2;51;238;17m??[0m Title Name 1 ?[0m
?[0m 87.500 ? ?[0m ?[0m ?[0m ?[0m ?[0m ?[0m ?[0m?[38;2;249;230;254m??[0m ?[0m ?[0m?[38;2;34;238;17m??[0m ?[0m ?[0m ?[0m ?[0m ?[0m ?[0m ?[0m ?[0m ?[0m?[38;2;173;224;240m??[0m    ?[0m?[38;2;241;159;168m??[0m Title Name 2 ?[0m
?[0m 84.000 ? ?[0m ?[0m ?[0m ?[0m ?[0m ?[0m ?[0m?[38;2;249;230;254m??[0m ?[0m ?[0m?[38;2;34;238;17m??[0m ?[0m ?[0m ?[0m ?[0m ?[0m ?[0m ?[0m ?[0m ?[0m?[38;2;173;224;240m??[0m    ?[0m?[38;2;84;50;195m??[0m Title Name 3 ?[0m
?[0m 80.500 ? ?[0m ?[0m ?[0m ?[0m ?[0m ?[0m ?[0m?[38;2;249;230;254m??[0m ?[0m ?[0m?[38;2;34;238;17m??[0m ?[0m?[38;2;91;164;129m??[0m ?[0m?[38;2;187;0;170m??[0m ?[0m ?[0m ?[0m?[38;2;27;164;124m??[0m ?[0m?[38;2;173;224;240m??[0m    ?[0m?[38;2;89;16;155m??[0m Title Name 4 ?[0m
?[0m 77.000 ? ?[0m ?[0m ?[0m ?[0m ?[0m ?[0m ?[0m?[38;2;249;230;254m??[0m ?[0m ?[0m?[38;2;34;238;17m??[0m ?[0m?[38;2;91;164;129m??[0m ?[0m?[38;2;187;0;170m??[0m?[38;2;89;122;247m??[0m ?[0m ?[0m?[38;2;27;164;124m??[0m ?[0m?[38;2;173;224;240m??[0m    ?[0m?[38;2;136;102;255m??[0m Title Name 5 ?[0m
?[0m 73.500 ? ?[0m ?[0m ?[0m ?[0m ?[0m ?[0m ?[0m?[38;2;249;230;254m??[0m ?[0m ?[0m?[38;2;34;238;17m??[0m ?[0m?[38;2;91;164;129m??[0m ?[0m?[38;2;187;0;170m??[0m?[38;2;89;122;247m??[0m ?[0m ?[0m?[38;2;27;164;124m??[0m ?[0m?[38;2;173;224;240m??[0m    ?[0m?[38;2;249;230;254m??[0m Title Name 6 ?[0m
?[0m 70.000 ? ?[0m ?[0m ?[0m ?[0m ?[0m?[38;2;89;16;155m??[0m ?[0m?[38;2;249;230;254m??[0m ?[0m ?[0m?[38;2;34;238;17m??[0m ?[0m?[38;2;91;164;129m??[0m ?[0m?[38;2;187;0;170m??[0m?[38;2;89;122;247m??[0m ?[0m ?[0m?[38;2;27;164;124m??[0m ?[0m?[38;2;173;224;240m??[0m    ?[0m?[38;2;202;176;247m??[0m Title Name 7 ?[0m
?[0m 66.500 ? ?[0m ?[0m?[38;2;51;238;17m??[0m ?[0m ?[0m?[38;2;89;16;155m??[0m ?[0m?[38;2;249;230;254m??[0m ?[0m ?[0m?[38;2;34;238;17m??[0m ?[0m?[38;2;91;164;129m??[0m ?[0m?[38;2;187;0;170m??[0m?[38;2;89;122;247m??[0m ?[0m ?[0m?[38;2;27;164;124m??[0m ?[0m?[38;2;173;224;240m??[0m    ?[0m?[38;2;231;148;127m??[0m Title Name 8 ?[0m
?[0m 63.000 ? ?[0m ?[0m?[38;2;51;238;17m??[0m ?[0m ?[0m?[38;2;89;16;155m??[0m ?[0m?[38;2;249;230;254m??[0m ?[0m ?[0m?[38;2;34;238;17m??[0m ?[0m?[38;2;91;164;129m??[0m ?[0m?[38;2;187;0;170m??[0m?[38;2;89;122;247m??[0m ?[0m ?[0m?[38;2;27;164;124m??[0m ?[0m?[38;2;173;224;240m??[0m    ?[0m?[38;2;34;238;17m??[0m Title Name 9 ?[0m
?[0m 59.500 ? ?[0m ?[0m?[38;2;51;238;17m??[0m?[38;2;241;159;168m??[0m ?[0m?[38;2;89;16;155m??[0m ?[0m?[38;2;249;230;254m??[0m?[38;2;202;176;247m??[0m ?[0m?[38;2;34;238;17m??[0m ?[0m?[38;2;91;164;129m??[0m ?[0m?[38;2;187;0;170m??[0m?[38;2;89;122;247m??[0m ?[0m ?[0m?[38;2;27;164;124m??[0m ?[0m?[38;2;173;224;240m??[0m    ?[0m?[38;2;165;120;217m??[0m Title Name 10?[0m
?[0m 56.000 ? ?[0m ?[0m?[38;2;51;238;17m??[0m?[38;2;241;159;168m??[0m ?[0m?[38;2;89;16;155m??[0m ?[0m?[38;2;249;230;254m??[0m?[38;2;202;176;247m??[0m ?[0m?[38;2;34;238;17m??[0m ?[0m?[38;2;91;164;129m??[0m ?[0m?[38;2;187;0;170m??[0m?[38;2;89;122;247m??[0m ?[0m ?[0m?[38;2;27;164;124m??[0m ?[0m?[38;2;173;224;240m??[0m    ?[0m?[38;2;91;164;129m??[0m Title Name 11?[0m
?[0m 52.500 ? ?[0m ?[0m?[38;2;51;238;17m??[0m?[38;2;241;159;168m??[0m ?[0m?[38;2;89;16;155m??[0m ?[0m?[38;2;249;230;254m??[0m?[38;2;202;176;247m??[0m ?[0m?[38;2;34;238;17m??[0m ?[0m?[38;2;91;164;129m??[0m ?[0m?[38;2;187;0;170m??[0m?[38;2;89;122;247m??[0m?[38;2;204;182;104m??[0m ?[0m?[38;2;27;164;124m??[0m ?[0m?[38;2;173;224;240m??[0m    ?[0m?[38;2;83;211;135m??[0m Title Name 12?[0m
?[0m 49.000 ? ?[0m ?[0m?[38;2;51;238;17m??[0m?[38;2;241;159;168m??[0m ?[0m?[38;2;89;16;155m??[0m ?[0m?[38;2;249;230;254m??[0m?[38;2;202;176;247m??[0m ?[0m?[38;2;34;238;17m??[0m ?[0m?[38;2;91;164;129m??[0m ?[0m?[38;2;187;0;170m??[0m?[38;2;89;122;247m??[0m?[38;2;204;182;104m??[0m ?[0m?[38;2;27;164;124m??[0m ?[0m?[38;2;173;224;240m??[0m    ?[0m?[38;2;187;0;170m??[0m Title Name 13?[0m
?[0m 45.500 ? ?[0m ?[0m?[38;2;51;238;17m??[0m?[38;2;241;159;168m??[0m ?[0m?[38;2;89;16;155m??[0m ?[0m?[38;2;249;230;254m??[0m?[38;2;202;176;247m??[0m ?[0m?[38;2;34;238;17m??[0m ?[0m?[38;2;91;164;129m??[0m ?[0m?[38;2;187;0;170m??[0m?[38;2;89;122;247m??[0m?[38;2;204;182;104m??[0m ?[0m?[38;2;27;164;124m??[0m ?[0m?[38;2;173;224;240m??[0m    ?[0m?[38;2;89;122;247m??[0m Title Name 14?[0m
?[0m 42.000 ? ?[0m ?[0m?[38;2;51;238;17m??[0m?[38;2;241;159;168m??[0m ?[0m?[38;2;89;16;155m??[0m?[38;2;136;102;255m??[0m?[38;2;249;230;254m??[0m?[38;2;202;176;247m??[0m?[38;2;231;148;127m??[0m?[38;2;34;238;17m??[0m ?[0m?[38;2;91;164;129m??[0m ?[0m?[38;2;187;0;170m??[0m?[38;2;89;122;247m??[0m?[38;2;204;182;104m??[0m ?[0m?[38;2;27;164;124m??[0m ?[0m?[38;2;173;224;240m??[0m    ?[0m?[38;2;204;182;104m??[0m Title Name 15?[0m
?[0m 38.500 ? ?[0m ?[0m?[38;2;51;238;17m??[0m?[38;2;241;159;168m??[0m ?[0m?[38;2;89;16;155m??[0m?[38;2;136;102;255m??[0m?[38;2;249;230;254m??[0m?[38;2;202;176;247m??[0m?[38;2;231;148;127m??[0m?[38;2;34;238;17m??[0m ?[0m?[38;2;91;164;129m??[0m ?[0m?[38;2;187;0;170m??[0m?[38;2;89;122;247m??[0m?[38;2;204;182;104m??[0m ?[0m?[38;2;27;164;124m??[0m ?[0m?[38;2;173;224;240m??[0m    ?[0m?[38;2;243;135;146m??[0m Title Name 16?[0m
?[0m 35.000 ? ?[0m ?[0m?[38;2;51;238;17m??[0m?[38;2;241;159;168m??[0m ?[0m?[38;2;89;16;155m??[0m?[38;2;136;102;255m??[0m?[38;2;249;230;254m??[0m?[38;2;202;176;247m??[0m?[38;2;231;148;127m??[0m?[38;2;34;238;17m??[0m ?[0m?[38;2;91;164;129m??[0m ?[0m?[38;2;187;0;170m??[0m?[38;2;89;122;247m??[0m?[38;2;204;182;104m??[0m ?[0m?[38;2;27;164;124m??[0m ?[0m?[38;2;173;224;240m??[0m    ?[0m?[38;2;27;164;124m??[0m Title Name 17?[0m
?[0m 31.500 ? ?[0m ?[0m?[38;2;51;238;17m??[0m?[38;2;241;159;168m??[0m?[38;2;84;50;195m??[0m?[38;2;89;16;155m??[0m?[38;2;136;102;255m??[0m?[38;2;249;230;254m??[0m?[38;2;202;176;247m??[0m?[38;2;231;148;127m??[0m?[38;2;34;238;17m??[0m ?[0m?[38;2;91;164;129m??[0m ?[0m?[38;2;187;0;170m??[0m?[38;2;89;122;247m??[0m?[38;2;204;182;104m??[0m ?[0m?[38;2;27;164;124m??[0m ?[0m?[38;2;173;224;240m??[0m    ?[0m?[38;2;79;36;24m??[0m Title Name 18?[0m
?[0m 28.000 ? ?[0m ?[0m?[38;2;51;238;17m??[0m?[38;2;241;159;168m??[0m?[38;2;84;50;195m??[0m?[38;2;89;16;155m??[0m?[38;2;136;102;255m??[0m?[38;2;249;230;254m??[0m?[38;2;202;176;247m??[0m?[38;2;231;148;127m??[0m?[38;2;34;238;17m??[0m ?[0m?[38;2;91;164;129m??[0m ?[0m?[38;2;187;0;170m??[0m?[38;2;89;122;247m??[0m?[38;2;204;182;104m??[0m ?[0m?[38;2;27;164;124m??[0m ?[0m?[38;2;173;224;240m??[0m    ?[0m?[38;2;173;224;240m??[0m Title Name 19?[0m
?[0m 24.500 ? ?[0m ?[0m?[38;2;51;238;17m??[0m?[38;2;241;159;168m??[0m?[38;2;84;50;195m??[0m?[38;2;89;16;155m??[0m?[38;2;136;102;255m??[0m?[38;2;249;230;254m??[0m?[38;2;202;176;247m??[0m?[38;2;231;148;127m??[0m?[38;2;34;238;17m??[0m ?[0m?[38;2;91;164;129m??[0m ?[0m?[38;2;187;0;170m??[0m?[38;2;89;122;247m??[0m?[38;2;204;182;104m??[0m ?[0m?[38;2;27;164;124m??[0m ?[0m?[38;2;173;224;240m??[0m
?[0m 21.000 ? ?[0m ?[0m?[38;2;51;238;17m??[0m?[38;2;241;159;168m??[0m?[38;2;84;50;195m??[0m?[38;2;89;16;155m??[0m?[38;2;136;102;255m??[0m?[38;2;249;230;254m??[0m?[38;2;202;176;247m??[0m?[38;2;231;148;127m??[0m?[38;2;34;238;17m??[0m ?[0m?[38;2;91;164;129m??[0m ?[0m?[38;2;187;0;170m??[0m?[38;2;89;122;247m??[0m?[38;2;204;182;104m??[0m ?[0m?[38;2;27;164;124m??[0m ?[0m?[38;2;173;224;240m??[0m
?[0m 17.500 ? ?[0m ?[0m?[38;2;51;238;17m??[0m?[38;2;241;159;168m??[0m?[38;2;84;50;195m??[0m?[38;2;89;16;155m??[0m?[38;2;136;102;255m??[0m?[38;2;249;230;254m??[0m?[38;2;202;176;247m??[0m?[38;2;231;148;127m??[0m?[38;2;34;238;17m??[0m ?[0m?[38;2;91;164;129m??[0m?[38;2;83;211;135m??[0m?[38;2;187;0;170m??[0m?[38;2;89;122;247m??[0m?[38;2;204;182;104m??[0m ?[0m?[38;2;27;164;124m??[0m ?[0m?[38;2;173;224;240m??[0m
?[0m 14.000 ? ?[0m ?[0m?[38;2;51;238;17m??[0m?[38;2;241;159;168m??[0m?[38;2;84;50;195m??[0m?[38;2;89;16;155m??[0m?[38;2;136;102;255m??[0m?[38;2;249;230;254m??[0m?[38;2;202;176;247m??[0m?[38;2;231;148;127m??[0m?[38;2;34;238;17m??[0m ?[0m?[38;2;91;164;129m??[0m?[38;2;83;211;135m??[0m?[38;2;187;0;170m??[0m?[38;2;89;122;247m??[0m?[38;2;204;182;104m??[0m ?[0m?[38;2;27;164;124m??[0m ?[0m?[38;2;173;224;240m??[0m
?[0m 10.500 ? ?[0m ?[0m?[38;2;51;238;17m??[0m?[38;2;241;159;168m??[0m?[38;2;84;50;195m??[0m?[38;2;89;16;155m??[0m?[38;2;136;102;255m??[0m?[38;2;249;230;254m??[0m?[38;2;202;176;247m??[0m?[38;2;231;148;127m??[0m?[38;2;34;238;17m??[0m ?[0m?[38;2;91;164;129m??[0m?[38;2;83;211;135m??[0m?[38;2;187;0;170m??[0m?[38;2;89;122;247m??[0m?[38;2;204;182;104m??[0m ?[0m?[38;2;27;164;124m??[0m ?[0m?[38;2;173;224;240m??[0m
?[0m  7.000 ? ?[0m ?[0m?[38;2;51;238;17m??[0m?[38;2;241;159;168m??[0m?[38;2;84;50;195m??[0m?[38;2;89;16;155m??[0m?[38;2;136;102;255m??[0m?[38;2;249;230;254m??[0m?[38;2;202;176;247m??[0m?[38;2;231;148;127m??[0m?[38;2;34;238;17m??[0m?[38;2;165;120;217m??[0m?[38;2;91;164;129m??[0m?[38;2;83;211;135m??[0m?[38;2;187;0;170m??[0m?[38;2;89;122;247m??[0m?[38;2;204;182;104m??[0m?[38;2;243;135;146m??[0m?[38;2;27;164;124m??[0m?[38;2;79;36;24m??[0m?[38;2;173;224;240m??[0m
?[0m  3.500 ? ?[0m?[38;2;71;37;41m??[0m?[38;2;51;238;17m??[0m?[38;2;241;159;168m??[0m?[38;2;84;50;195m??[0m?[38;2;89;16;155m??[0m?[38;2;136;102;255m??[0m?[38;2;249;230;254m??[0m?[38;2;202;176;247m??[0m?[38;2;231;148;127m??[0m?[38;2;34;238;17m??[0m?[38;2;165;120;217m??[0m?[38;2;91;164;129m??[0m?[38;2;83;211;135m??[0m?[38;2;187;0;170m??[0m?[38;2;89;122;247m??[0m?[38;2;204;182;104m??[0m?[38;2;243;135;146m??[0m?[38;2;27;164;124m??[0m?[38;2;79;36;24m??[0m?[38;2;173;224;240m??[0m
?[0m  0.000 ? ?[0m?[38;2;71;37;41m??[0m?[38;2;51;238;17m??[0m?[38;2;241;159;168m??[0m?[38;2;84;50;195m??[0m?[38;2;89;16;155m??[0m?[38;2;136;102;255m??[0m?[38;2;249;230;254m??[0m?[38;2;202;176;247m??[0m?[38;2;231;148;127m??[0m?[38;2;34;238;17m??[0m?[38;2;165;120;217m??[0m?[38;2;91;164;129m??[0m?[38;2;83;211;135m??[0m?[38;2;187;0;170m??[0m?[38;2;89;122;247m??[0m?[38;2;204;182;104m??[0m?[38;2;243;135;146m??[0m?[38;2;27;164;124m??[0m?[38;2;79;36;24m??[0m?[38;2;173;224;240m??[0m
?[0m ?[0m ?[0m ?[0m ?[0m ?[0m ?[0m ?[0m ?[0m??[0m??[0m??[0m??[0m??[0m??[0m??[0m??[0m??[0m??[0m??[0m??[0m??[0m??[0m??[0m??[0m??[0m??[0m??[0m??[0m??[0m??[0m??[0m?[1m
              Simple Test               ?[0m?[0m
?[0m??[0m??[0m??[0m??[0m??[0m??[0m??[0m??[0m??[0m??[0m??[0m??[0m??[0m??[0m??[0m??[0m??[0m??[0m??[0m??[0m??[0m??[0m??[0m??[0m??[0m??[0m??[0m??[0m??[0m??[0m??[0m??[0m??[0m??[0m??[0m??[0m??[0m??[0m??[0m??[0m??[0m??[0m??[0m??[0m??[0m??[0m??[0m??[0m??[0m??[0m??[0m??[0m??[0m
?[0m??[0m ?[0m ?[0m ?[0m ?[0m ?[0m ?[0m ?[0m ?[0m?[1mSimple box Test                            ?[0m??[0m
?[0m??[0m??[0m??[0m??[0m??[0m??[0m??[0m??[0m??[0m??[0m??[0m??[0m??[0m??[0m??[0m??[0m??[0m??[0m??[0m??[0m??[0m??[0m??[0m??[0m??[0m??[0m??[0m??[0m??[0m??[0m??[0m??[0m??[0m??[0m??[0m??[0m??[0m??[0m??[0m??[0m??[0m??[0m??[0m??[0m??[0m??[0m??[0m??[0m??[0m??[0m??[0m??[0m??[0m
?[0m?84.923 ? ?[0m ?[0m ?[0m ?[0m?[38;2;119;34;221m??[0m ?[0m ?[0m ?[0m ?[0m?[38;2;221;51;102m??[0m ?[0m ?[0m ?[0m ?[0m ?[0m ?[0m ?[0m ?[0m ?[0m ?[0m ?[0m ?[0m??[0m    ?[0m?[38;2;153;34;238m??[0m Title Name 0 ?[0m ?[0m??[0m
?[0m?81.385 ? ?[0m ?[0m ?[0m ?[0m?[38;2;119;34;221m??[0m ?[0m ?[0m ?[0m ?[0m?[38;2;221;51;102m??[0m ?[0m ?[0m ?[0m ?[0m ?[0m ?[0m ?[0m ?[0m ?[0m ?[0m ?[0m ?[0m??[0m    ?[0m?[38;2;35;137;83m??[0m Title Name 1 ?[0m ?[0m??[0m
?[0m?77.846 ? ?[0m ?[0m ?[0m ?[0m?[38;2;119;34;221m??[0m ?[0m ?[0m?[38;2;85;208;203m??[0m ?[0m?[38;2;221;51;102m??[0m ?[0m ?[0m ?[0m ?[0m ?[0m ?[0m ?[0m ?[0m ?[0m ?[0m ?[0m ?[0m??[0m    ?[0m?[38;2;114;156;223m??[0m Title Name 2 ?[0m ?[0m??[0m
?[0m?74.308 ? ?[0m ?[0m ?[0m ?[0m?[38;2;119;34;221m??[0m ?[0m ?[0m?[38;2;85;208;203m??[0m ?[0m?[38;2;221;51;102m??[0m ?[0m ?[0m ?[0m ?[0m ?[0m ?[0m ?[0m ?[0m ?[0m ?[0m ?[0m ?[0m??[0m    ?[0m?[38;2;119;34;221m??[0m Title Name 3 ?[0m ?[0m??[0m
?[0m?70.769 ? ?[0m ?[0m ?[0m ?[0m?[38;2;119;34;221m??[0m ?[0m ?[0m?[38;2;85;208;203m??[0m ?[0m?[38;2;221;51;102m??[0m ?[0m ?[0m ?[0m ?[0m ?[0m ?[0m ?[0m ?[0m ?[0m ?[0m ?[0m ?[0m??[0m    ?[0m?[38;2;223;146;98m??[0m Title Name 4 ?[0m ?[0m??[0m
?[0m?67.231 ? ?[0m ?[0m ?[0m ?[0m?[38;2;119;34;221m??[0m ?[0m ?[0m?[38;2;85;208;203m??[0m ?[0m?[38;2;221;51;102m??[0m ?[0m ?[0m ?[0m ?[0m ?[0m ?[0m ?[0m ?[0m ?[0m ?[0m ?[0m ?[0m??[0m    ?[0m?[38;2;191;39;52m??[0m Title Name 5 ?[0m ?[0m??[0m
?[0m?63.692 ? ?[0m ?[0m ?[0m ?[0m?[38;2;119;34;221m??[0m ?[0m ?[0m?[38;2;85;208;203m??[0m ?[0m?[38;2;221;51;102m??[0m ?[0m ?[0m ?[0m ?[0m ?[0m ?[0m ?[0m ?[0m ?[0m ?[0m ?[0m ?[0m??[0m    ?[0m?[38;2;85;208;203m??[0m Title Name 6 ?[0m ?[0m??[0m
?[0m?60.154 ? ?[0m ?[0m ?[0m ?[0m?[38;2;119;34;221m??[0m ?[0m ?[0m?[38;2;85;208;203m??[0m ?[0m?[38;2;221;51;102m??[0m ?[0m ?[0m ?[0m ?[0m ?[0m ?[0m ?[0m?[38;2;178;232;114m??[0m ?[0m ?[0m ?[0m ?[0m??[0m    ?[0m?[38;2;136;136;51m??[0m Title Name 7 ?[0m ?[0m??[0m
?[0m?56.615 ? ?[0m ?[0m ?[0m ?[0m?[38;2;119;34;221m??[0m ?[0m ?[0m?[38;2;85;208;203m??[0m ?[0m?[38;2;221;51;102m??[0m ?[0m ?[0m ?[0m ?[0m ?[0m ?[0m ?[0m?[38;2;178;232;114m??[0m ?[0m ?[0m ?[0m ?[0m??[0m    ?[0m?[38;2;221;51;102m??[0m Title Name 8 ?[0m ?[0m??[0m
?[0m?53.077 ? ?[0m ?[0m ?[0m ?[0m?[38;2;119;34;221m??[0m ?[0m ?[0m?[38;2;85;208;203m??[0m ?[0m?[38;2;221;51;102m??[0m ?[0m ?[0m ?[0m ?[0m?[38;2;212;230;41m??[0m ?[0m ?[0m?[38;2;178;232;114m??[0m?[38;2;124;226;88m??[0m ?[0m ?[0m ?[0m??[0m    ?[0m?[38;2;227;173;96m??[0m Title Name 9 ?[0m ?[0m??[0m
?[0m?49.538 ? ?[0m ?[0m ?[0m ?[0m?[38;2;119;34;221m??[0m ?[0m?[38;2;191;39;52m??[0m?[38;2;85;208;203m??[0m ?[0m?[38;2;221;51;102m??[0m ?[0m ?[0m ?[0m ?[0m?[38;2;212;230;41m??[0m ?[0m ?[0m?[38;2;178;232;114m??[0m?[38;2;124;226;88m??[0m ?[0m ?[0m ?[0m??[0m    ?[0m?[38;2;85;108;195m??[0m Title Name 10?[0m ?[0m??[0m
?[0m?46.000 ? ?[0m ?[0m ?[0m ?[0m?[38;2;119;34;221m??[0m ?[0m?[38;2;191;39;52m??[0m?[38;2;85;208;203m??[0m ?[0m?[38;2;221;51;102m??[0m ?[0m ?[0m ?[0m ?[0m?[38;2;212;230;41m??[0m ?[0m ?[0m?[38;2;178;232;114m??[0m?[38;2;124;226;88m??[0m ?[0m ?[0m ?[0m??[0m    ?[0m?[38;2;125;75;23m??[0m Title Name 11?[0m ?[0m??[0m
?[0m?42.462 ? ?[0m ?[0m?[38;2;35;137;83m??[0m ?[0m?[38;2;119;34;221m??[0m ?[0m?[38;2;191;39;52m??[0m?[38;2;85;208;203m??[0m ?[0m?[38;2;221;51;102m??[0m ?[0m ?[0m ?[0m ?[0m?[38;2;212;230;41m??[0m ?[0m ?[0m?[38;2;178;232;114m??[0m?[38;2;124;226;88m??[0m ?[0m ?[0m ?[0m??[0m    ?[0m?[38;2;166;136;133m??[0m Title Name 12?[0m ?[0m??[0m
?[0m?38.923 ? ?[0m?[38;2;153;34;238m??[0m?[38;2;35;137;83m??[0m ?[0m?[38;2;119;34;221m??[0m ?[0m?[38;2;191;39;52m??[0m?[38;2;85;208;203m??[0m ?[0m?[38;2;221;51;102m??[0m ?[0m ?[0m ?[0m ?[0m?[38;2;212;230;41m??[0m ?[0m ?[0m?[38;2;178;232;114m??[0m?[38;2;124;226;88m??[0m ?[0m ?[0m ?[0m??[0m    ?[0m?[38;2;212;230;41m??[0m Title Name 13?[0m ?[0m??[0m
?[0m?35.385 ? ?[0m?[38;2;153;34;238m??[0m?[38;2;35;137;83m??[0m ?[0m?[38;2;119;34;221m??[0m ?[0m?[38;2;191;39;52m??[0m?[38;2;85;208;203m??[0m ?[0m?[38;2;221;51;102m??[0m ?[0m ?[0m ?[0m ?[0m?[38;2;212;230;41m??[0m?[38;2;67;169;175m??[0m ?[0m?[38;2;178;232;114m??[0m?[38;2;124;226;88m??[0m ?[0m ?[0m ?[0m??[0m    ?[0m?[38;2;67;169;175m??[0m Title Name 14?[0m ?[0m??[0m
?[0m?31.846 ? ?[0m?[38;2;153;34;238m??[0m?[38;2;35;137;83m??[0m ?[0m?[38;2;119;34;221m??[0m ?[0m?[38;2;191;39;52m??[0m?[38;2;85;208;203m??[0m ?[0m?[38;2;221;51;102m??[0m ?[0m ?[0m ?[0m ?[0m?[38;2;212;230;41m??[0m?[38;2;67;169;175m??[0m ?[0m?[38;2;178;232;114m??[0m?[38;2;124;226;88m??[0m ?[0m ?[0m ?[0m??[0m    ?[0m?[38;2;170;0;34m??[0m Title Name 15?[0m ?[0m??[0m
?[0m?28.308 ? ?[0m?[38;2;153;34;238m??[0m?[38;2;35;137;83m??[0m ?[0m?[38;2;119;34;221m??[0m?[38;2;223;146;98m??[0m?[38;2;191;39;52m??[0m?[38;2;85;208;203m??[0m ?[0m?[38;2;221;51;102m??[0m ?[0m ?[0m ?[0m ?[0m?[38;2;212;230;41m??[0m?[38;2;67;169;175m??[0m ?[0m?[38;2;178;232;114m??[0m?[38;2;124;226;88m??[0m ?[0m ?[0m ?[0m??[0m    ?[0m?[38;2;178;232;114m??[0m Title Name 16?[0m ?[0m??[0m
?[0m?24.769 ? ?[0m?[38;2;153;34;238m??[0m?[38;2;35;137;83m??[0m ?[0m?[38;2;119;34;221m??[0m?[38;2;223;146;98m??[0m?[38;2;191;39;52m??[0m?[38;2;85;208;203m??[0m?[38;2;136;136;51m??[0m?[38;2;221;51;102m??[0m ?[0m ?[0m ?[0m ?[0m?[38;2;212;230;41m??[0m?[38;2;67;169;175m??[0m?[38;2;170;0;34m??[0m?[38;2;178;232;114m??[0m?[38;2;124;226;88m??[0m ?[0m ?[0m ?[0m??[0m    ?[0m?[38;2;124;226;88m??[0m Title Name 17?[0m ?[0m??[0m
?[0m?21.231 ? ?[0m?[38;2;153;34;238m??[0m?[38;2;35;137;83m??[0m?[38;2;114;156;223m??[0m?[38;2;119;34;221m??[0m?[38;2;223;146;98m??[0m?[38;2;191;39;52m??[0m?[38;2;85;208;203m??[0m?[38;2;136;136;51m??[0m?[38;2;221;51;102m??[0m?[38;2;227;173;96m??[0m?[38;2;85;108;195m??[0m ?[0m ?[0m?[38;2;212;230;41m??[0m?[38;2;67;169;175m??[0m?[38;2;170;0;34m??[0m?[38;2;178;232;114m??[0m?[38;2;124;226;88m??[0m ?[0m ?[0m ?[0m??[0m    ?[0m?[38;2;133;182;97m??[0m Title Name 18?[0m ?[0m??[0m
?[0m?17.692 ? ?[0m?[38;2;153;34;238m??[0m?[38;2;35;137;83m??[0m?[38;2;114;156;223m??[0m?[38;2;119;34;221m??[0m?[38;2;223;146;98m??[0m?[38;2;191;39;52m??[0m?[38;2;85;208;203m??[0m?[38;2;136;136;51m??[0m?[38;2;221;51;102m??[0m?[38;2;227;173;96m??[0m?[38;2;85;108;195m??[0m ?[0m ?[0m?[38;2;212;230;41m??[0m?[38;2;67;169;175m??[0m?[38;2;170;0;34m??[0m?[38;2;178;232;114m??[0m?[38;2;124;226;88m??[0m ?[0m?[38;2;102;175;22m??[0m ?[0m??[0m    ?[0m?[38;2;102;175;22m??[0m Title Name 19?[0m ?[0m??[0m
?[0m?14.154 ? ?[0m?[38;2;153;34;238m??[0m?[38;2;35;137;83m??[0m?[38;2;114;156;223m??[0m?[38;2;119;34;221m??[0m?[38;2;223;146;98m??[0m?[38;2;191;39;52m??[0m?[38;2;85;208;203m??[0m?[38;2;136;136;51m??[0m?[38;2;221;51;102m??[0m?[38;2;227;173;96m??[0m?[38;2;85;108;195m??[0m ?[0m ?[0m?[38;2;212;230;41m??[0m?[38;2;67;169;175m??[0m?[38;2;170;0;34m??[0m?[38;2;178;232;114m??[0m?[38;2;124;226;88m??[0m?[38;2;133;182;97m??[0m?[38;2;102;175;22m??[0m ?[0m??[0m                   ?[0m ?[0m??[0m
?[0m?10.615 ? ?[0m?[38;2;153;34;238m??[0m?[38;2;35;137;83m??[0m?[38;2;114;156;223m??[0m?[38;2;119;34;221m??[0m?[38;2;223;146;98m??[0m?[38;2;191;39;52m??[0m?[38;2;85;208;203m??[0m?[38;2;136;136;51m??[0m?[38;2;221;51;102m??[0m?[38;2;227;173;96m??[0m?[38;2;85;108;195m??[0m?[38;2;125;75;23m??[0m ?[0m?[38;2;212;230;41m??[0m?[38;2;67;169;175m??[0m?[38;2;170;0;34m??[0m?[38;2;178;232;114m??[0m?[38;2;124;226;88m??[0m?[38;2;133;182;97m??[0m?[38;2;102;175;22m??[0m ?[0m??[0m                   ?[0m ?[0m??[0m
?[0m? 7.077 ? ?[0m?[38;2;153;34;238m??[0m?[38;2;35;137;83m??[0m?[38;2;114;156;223m??[0m?[38;2;119;34;221m??[0m?[38;2;223;146;98m??[0m?[38;2;191;39;52m??[0m?[38;2;85;208;203m??[0m?[38;2;136;136;51m??[0m?[38;2;221;51;102m??[0m?[38;2;227;173;96m??[0m?[38;2;85;108;195m??[0m?[38;2;125;75;23m??[0m ?[0m?[38;2;212;230;41m??[0m?[38;2;67;169;175m??[0m?[38;2;170;0;34m??[0m?[38;2;178;232;114m??[0m?[38;2;124;226;88m??[0m?[38;2;133;182;97m??[0m?[38;2;102;175;22m??[0m ?[0m??[0m                   ?[0m ?[0m??[0m
?[0m? 3.538 ? ?[0m?[38;2;153;34;238m??[0m?[38;2;35;137;83m??[0m?[38;2;114;156;223m??[0m?[38;2;119;34;221m??[0m?[38;2;223;146;98m??[0m?[38;2;191;39;52m??[0m?[38;2;85;208;203m??[0m?[38;2;136;136;51m??[0m?[38;2;221;51;102m??[0m?[38;2;227;173;96m??[0m?[38;2;85;108;195m??[0m?[38;2;125;75;23m??[0m?[38;2;166;136;133m??[0m?[38;2;212;230;41m??[0m?[38;2;67;169;175m??[0m?[38;2;170;0;34m??[0m?[38;2;178;232;114m??[0m?[38;2;124;226;88m??[0m?[38;2;133;182;97m??[0m?[38;2;102;175;22m??[0m ?[0m??[0m                   ?[0m ?[0m??[0m
?[0m? 0.000 ? ?[0m?[38;2;153;34;238m??[0m?[38;2;35;137;83m??[0m?[38;2;114;156;223m??[0m?[38;2;119;34;221m??[0m?[38;2;223;146;98m??[0m?[38;2;191;39;52m??[0m?[38;2;85;208;203m??[0m?[38;2;136;136;51m??[0m?[38;2;221;51;102m??[0m?[38;2;227;173;96m??[0m?[38;2;85;108;195m??[0m?[38;2;125;75;23m??[0m?[38;2;166;136;133m??[0m?[38;2;212;230;41m??[0m?[38;2;67;169;175m??[0m?[38;2;170;0;34m??[0m?[38;2;178;232;114m??[0m?[38;2;124;226;88m??[0m?[38;2;133;182;97m??[0m?[38;2;102;175;22m??[0m ?[0m??[0m                   ?[0m ?[0m??[0m
?[0m??[0m??[0m??[0m??[0m??[0m??[0m??[0m??[0m??[0m??[0m??[0m??[0m??[0m??[0m??[0m??[0m??[0m??[0m??[0m??[0m??[0m??[0m??[0m??[0m??[0m??[0m??[0m??[0m??[0m??[0m??[0m??[0m??[0m??[0m??[0m??[0m??[0m??[0m??[0m??[0m??[0m??[0m??[0m??[0m??[0m??[0m??[0m??[0m??[0m??[0m??[0m??[0m??[0m?[0m]]></system-out>
  <system-err><![CDATA[]]></system-err>
</testsuite>
